{"D:\\Legal\\backend\\src\\app.js": {"path":"D:\\Legal\\backend\\src\\app.js","statementMap":{"0":{"start":{"line":1,"column":0},"end":{"line":1,"column":27}},"1":{"start":{"line":2,"column":16},"end":{"line":2,"column":34}},"2":{"start":{"line":3,"column":15},"end":{"line":3,"column":32}},"3":{"start":{"line":4,"column":13},"end":{"line":4,"column":28}},"4":{"start":{"line":5,"column":15},"end":{"line":5,"column":32}},"5":{"start":{"line":6,"column":18},"end":{"line":6,"column":47}},"6":{"start":{"line":7,"column":22},"end":{"line":7,"column":55}},"7":{"start":{"line":8,"column":17},"end":{"line":8,"column":37}},"8":{"start":{"line":9,"column":20},"end":{"line":9,"column":42}},"9":{"start":{"line":11,"column":21},"end":{"line":11,"column":58}},"10":{"start":{"line":12,"column":17},"end":{"line":12,"column":50}},"11":{"start":{"line":13,"column":15},"end":{"line":13,"column":40}},"12":{"start":{"line":14,"column":38},"end":{"line":14,"column":63}},"13":{"start":{"line":16,"column":19},"end":{"line":16,"column":43}},"14":{"start":{"line":17,"column":23},"end":{"line":17,"column":52}},"15":{"start":{"line":18,"column":22},"end":{"line":18,"column":50}},"16":{"start":{"line":19,"column":19},"end":{"line":19,"column":44}},"17":{"start":{"line":20,"column":21},"end":{"line":20,"column":48}},"18":{"start":{"line":21,"column":22},"end":{"line":21,"column":50}},"19":{"start":{"line":22,"column":17},"end":{"line":22,"column":39}},"20":{"start":{"line":23,"column":21},"end":{"line":23,"column":48}},"21":{"start":{"line":24,"column":20},"end":{"line":24,"column":45}},"22":{"start":{"line":25,"column":27},"end":{"line":25,"column":60}},"23":{"start":{"line":26,"column":21},"end":{"line":26,"column":47}},"24":{"start":{"line":27,"column":32},"end":{"line":27,"column":69}},"25":{"start":{"line":29,"column":12},"end":{"line":29,"column":21}},"26":{"start":{"line":32,"column":0},"end":{"line":32,"column":26}},"27":{"start":{"line":35,"column":0},"end":{"line":47,"column":4}},"28":{"start":{"line":50,"column":23},"end":{"line":59,"column":17}},"29":{"start":{"line":61,"column":0},"end":{"line":77,"column":4}},"30":{"start":{"line":64,"column":4},"end":{"line":71,"column":5}},"31":{"start":{"line":70,"column":6},"end":{"line":70,"column":28}},"32":{"start":{"line":72,"column":4},"end":{"line":72,"column":41}},"33":{"start":{"line":80,"column":18},"end":{"line":84,"column":2}},"34":{"start":{"line":80,"column":54},"end":{"line":84,"column":2}},"35":{"start":{"line":85,"column":0},"end":{"line":85,"column":76}},"36":{"start":{"line":86,"column":0},"end":{"line":86,"column":40}},"37":{"start":{"line":87,"column":0},"end":{"line":87,"column":49}},"38":{"start":{"line":90,"column":0},"end":{"line":90,"column":41}},"39":{"start":{"line":91,"column":0},"end":{"line":91,"column":63}},"40":{"start":{"line":92,"column":0},"end":{"line":92,"column":25}},"41":{"start":{"line":93,"column":0},"end":{"line":93,"column":20}},"42":{"start":{"line":94,"column":0},"end":{"line":94,"column":23}},"43":{"start":{"line":95,"column":0},"end":{"line":95,"column":47}},"44":{"start":{"line":98,"column":0},"end":{"line":105,"column":1}},"45":{"start":{"line":99,"column":2},"end":{"line":99,"column":25}},"46":{"start":{"line":101,"column":2},"end":{"line":104,"column":6}},"47":{"start":{"line":102,"column":28},"end":{"line":102,"column":49}},"48":{"start":{"line":103,"column":19},"end":{"line":103,"column":40}},"49":{"start":{"line":108,"column":0},"end":{"line":112,"column":4}},"50":{"start":{"line":108,"column":27},"end":{"line":112,"column":2}},"51":{"start":{"line":114,"column":0},"end":{"line":118,"column":4}},"52":{"start":{"line":114,"column":33},"end":{"line":118,"column":2}},"53":{"start":{"line":121,"column":0},"end":{"line":121,"column":36}},"54":{"start":{"line":122,"column":0},"end":{"line":122,"column":45}},"55":{"start":{"line":123,"column":0},"end":{"line":123,"column":43}},"56":{"start":{"line":124,"column":0},"end":{"line":124,"column":37}},"57":{"start":{"line":125,"column":0},"end":{"line":125,"column":41}},"58":{"start":{"line":126,"column":0},"end":{"line":126,"column":43}},"59":{"start":{"line":127,"column":0},"end":{"line":127,"column":32}},"60":{"start":{"line":128,"column":0},"end":{"line":128,"column":41}},"61":{"start":{"line":129,"column":0},"end":{"line":129,"column":38}},"62":{"start":{"line":130,"column":0},"end":{"line":130,"column":53}},"63":{"start":{"line":131,"column":0},"end":{"line":131,"column":40}},"64":{"start":{"line":132,"column":0},"end":{"line":132,"column":63}},"65":{"start":{"line":133,"column":0},"end":{"line":133,"column":54}},"66":{"start":{"line":134,"column":0},"end":{"line":134,"column":58}},"67":{"start":{"line":135,"column":0},"end":{"line":135,"column":52}},"68":{"start":{"line":136,"column":0},"end":{"line":136,"column":58}},"69":{"start":{"line":138,"column":0},"end":{"line":138,"column":18}},"70":{"start":{"line":139,"column":0},"end":{"line":139,"column":22}},"71":{"start":{"line":141,"column":0},"end":{"line":141,"column":21}}},"fnMap":{"0":{"name":"(anonymous_0)","decl":{"start":{"line":62,"column":10},"end":{"line":62,"column":11}},"loc":{"start":{"line":62,"column":26},"end":{"line":73,"column":3}},"line":62},"1":{"name":"(anonymous_1)","decl":{"start":{"line":80,"column":18},"end":{"line":80,"column":19}},"loc":{"start":{"line":80,"column":54},"end":{"line":84,"column":2}},"line":80},"2":{"name":"(anonymous_2)","decl":{"start":{"line":102,"column":21},"end":{"line":102,"column":22}},"loc":{"start":{"line":102,"column":28},"end":{"line":102,"column":49}},"line":102},"3":{"name":"(anonymous_3)","decl":{"start":{"line":103,"column":10},"end":{"line":103,"column":11}},"loc":{"start":{"line":103,"column":19},"end":{"line":103,"column":40}},"line":103},"4":{"name":"(anonymous_4)","decl":{"start":{"line":108,"column":13},"end":{"line":108,"column":14}},"loc":{"start":{"line":108,"column":27},"end":{"line":112,"column":2}},"line":108},"5":{"name":"(anonymous_5)","decl":{"start":{"line":114,"column":19},"end":{"line":114,"column":20}},"loc":{"start":{"line":114,"column":33},"end":{"line":118,"column":2}},"line":114}},"branchMap":{"0":{"loc":{"start":{"line":64,"column":4},"end":{"line":71,"column":5}},"type":"if","locations":[{"start":{"line":64,"column":4},"end":{"line":71,"column":5}},{"start":{},"end":{}}],"line":64},"1":{"loc":{"start":{"line":65,"column":6},"end":{"line":68,"column":89}},"type":"binary-expr","locations":[{"start":{"line":65,"column":6},"end":{"line":65,"column":13}},{"start":{"line":66,"column":6},"end":{"line":66,"column":37}},{"start":{"line":67,"column":6},"end":{"line":67,"column":36}},{"start":{"line":68,"column":7},"end":{"line":68,"column":44}},{"start":{"line":68,"column":48},"end":{"line":68,"column":88}}],"line":65},"2":{"loc":{"start":{"line":80,"column":24},"end":{"line":80,"column":49}},"type":"default-arg","locations":[{"start":{"line":80,"column":35},"end":{"line":80,"column":49}}],"line":80},"3":{"loc":{"start":{"line":85,"column":30},"end":{"line":85,"column":73}},"type":"binary-expr","locations":[{"start":{"line":85,"column":30},"end":{"line":85,"column":66}},{"start":{"line":85,"column":70},"end":{"line":85,"column":73}}],"line":85},"4":{"loc":{"start":{"line":98,"column":0},"end":{"line":105,"column":1}},"type":"if","locations":[{"start":{"line":98,"column":0},"end":{"line":105,"column":1}},{"start":{"line":100,"column":7},"end":{"line":105,"column":1}}],"line":98}},"s":{"0":1,"1":1,"2":1,"3":1,"4":1,"5":1,"6":1,"7":1,"8":1,"9":1,"10":1,"11":1,"12":1,"13":1,"14":1,"15":1,"16":1,"17":1,"18":1,"19":1,"20":1,"21":1,"22":1,"23":1,"24":1,"25":1,"26":1,"27":1,"28":1,"29":1,"30":8,"31":8,"32":0,"33":1,"34":3,"35":1,"36":1,"37":1,"38":1,"39":1,"40":1,"41":1,"42":1,"43":1,"44":1,"45":0,"46":1,"47":7,"48":8,"49":1,"50":0,"51":1,"52":1,"53":1,"54":1,"55":1,"56":1,"57":1,"58":1,"59":1,"60":1,"61":1,"62":1,"63":1,"64":1,"65":1,"66":1,"67":1,"68":1,"69":1,"70":1,"71":1},"f":{"0":8,"1":3,"2":7,"3":8,"4":0,"5":1},"b":{"0":[8,0],"1":[8,0,0,0,0],"2":[2],"3":[1,0],"4":[0,1]},"_coverageSchema":"1a1c01bbd47fc00a2c39e90264f33305004495a9","hash":"0ac09e4a15f0a3254a35230ec4bcf718da7601e2"}
,"D:\\Legal\\backend\\src\\config\\redis.js": {"path":"D:\\Legal\\backend\\src\\config\\redis.js","statementMap":{"0":{"start":{"line":1,"column":25},"end":{"line":1,"column":41}},"1":{"start":{"line":2,"column":15},"end":{"line":2,"column":41}},"2":{"start":{"line":4,"column":13},"end":{"line":4,"column":17}},"3":{"start":{"line":5,"column":18},"end":{"line":5,"column":23}},"4":{"start":{"line":11,"column":18},"end":{"line":53,"column":1}},"5":{"start":{"line":12,"column":2},"end":{"line":12,"column":43}},"6":{"start":{"line":12,"column":29},"end":{"line":12,"column":43}},"7":{"start":{"line":14,"column":19},"end":{"line":14,"column":68}},"8":{"start":{"line":16,"column":2},"end":{"line":28,"column":5}},"9":{"start":{"line":20,"column":8},"end":{"line":23,"column":9}},"10":{"start":{"line":21,"column":10},"end":{"line":21,"column":72}},"11":{"start":{"line":22,"column":10},"end":{"line":22,"column":54}},"12":{"start":{"line":24,"column":8},"end":{"line":24,"column":45}},"13":{"start":{"line":30,"column":2},"end":{"line":33,"column":5}},"14":{"start":{"line":31,"column":4},"end":{"line":31,"column":24}},"15":{"start":{"line":32,"column":4},"end":{"line":32,"column":53}},"16":{"start":{"line":35,"column":2},"end":{"line":38,"column":5}},"17":{"start":{"line":36,"column":4},"end":{"line":36,"column":23}},"18":{"start":{"line":37,"column":4},"end":{"line":37,"column":35}},"19":{"start":{"line":40,"column":2},"end":{"line":42,"column":5}},"20":{"start":{"line":41,"column":4},"end":{"line":41,"column":41}},"21":{"start":{"line":44,"column":2},"end":{"line":50,"column":3}},"22":{"start":{"line":45,"column":4},"end":{"line":45,"column":27}},"23":{"start":{"line":47,"column":4},"end":{"line":47,"column":79}},"24":{"start":{"line":48,"column":4},"end":{"line":48,"column":18}},"25":{"start":{"line":49,"column":4},"end":{"line":49,"column":16}},"26":{"start":{"line":52,"column":2},"end":{"line":52,"column":16}},"27":{"start":{"line":57,"column":19},"end":{"line":57,"column":25}},"28":{"start":{"line":58,"column":16},"end":{"line":58,"column":19}},"29":{"start":{"line":60,"column":0},"end":{"line":69,"column":2}},"30":{"start":{"line":61,"column":16},"end":{"line":61,"column":33}},"31":{"start":{"line":62,"column":2},"end":{"line":67,"column":3}},"32":{"start":{"line":64,"column":4},"end":{"line":64,"column":59}},"33":{"start":{"line":65,"column":4},"end":{"line":65,"column":91}},"34":{"start":{"line":66,"column":4},"end":{"line":66,"column":11}},"35":{"start":{"line":68,"column":2},"end":{"line":68,"column":79}},"36":{"start":{"line":71,"column":0},"end":{"line":79,"column":2}},"37":{"start":{"line":72,"column":16},"end":{"line":72,"column":33}},"38":{"start":{"line":73,"column":2},"end":{"line":76,"column":3}},"39":{"start":{"line":74,"column":17},"end":{"line":74,"column":48}},"40":{"start":{"line":75,"column":4},"end":{"line":75,"column":24}},"41":{"start":{"line":77,"column":14},"end":{"line":77,"column":54}},"42":{"start":{"line":78,"column":2},"end":{"line":78,"column":38}},"43":{"start":{"line":81,"column":0},"end":{"line":88,"column":2}},"44":{"start":{"line":82,"column":16},"end":{"line":82,"column":33}},"45":{"start":{"line":83,"column":2},"end":{"line":86,"column":3}},"46":{"start":{"line":84,"column":4},"end":{"line":84,"column":39}},"47":{"start":{"line":85,"column":4},"end":{"line":85,"column":11}},"48":{"start":{"line":87,"column":2},"end":{"line":87,"column":43}},"49":{"start":{"line":92,"column":25},"end":{"line":92,"column":37}},"50":{"start":{"line":94,"column":0},"end":{"line":98,"column":2}},"51":{"start":{"line":95,"column":16},"end":{"line":95,"column":33}},"52":{"start":{"line":96,"column":2},"end":{"line":96,"column":21}},"53":{"start":{"line":96,"column":14},"end":{"line":96,"column":21}},"54":{"start":{"line":97,"column":2},"end":{"line":97,"column":68}},"55":{"start":{"line":100,"column":0},"end":{"line":105,"column":2}},"56":{"start":{"line":101,"column":16},"end":{"line":101,"column":33}},"57":{"start":{"line":102,"column":2},"end":{"line":102,"column":27}},"58":{"start":{"line":102,"column":14},"end":{"line":102,"column":27}},"59":{"start":{"line":103,"column":17},"end":{"line":103,"column":66}},"60":{"start":{"line":104,"column":2},"end":{"line":104,"column":22}},"61":{"start":{"line":109,"column":0},"end":{"line":126,"column":2}},"62":{"start":{"line":111,"column":18},"end":{"line":111,"column":35}},"63":{"start":{"line":112,"column":4},"end":{"line":112,"column":28}},"64":{"start":{"line":112,"column":16},"end":{"line":112,"column":28}},"65":{"start":{"line":113,"column":16},"end":{"line":113,"column":47}},"66":{"start":{"line":114,"column":4},"end":{"line":114,"column":40}},"67":{"start":{"line":117,"column":18},"end":{"line":117,"column":35}},"68":{"start":{"line":118,"column":4},"end":{"line":118,"column":23}},"69":{"start":{"line":118,"column":16},"end":{"line":118,"column":23}},"70":{"start":{"line":119,"column":4},"end":{"line":119,"column":73}},"71":{"start":{"line":122,"column":18},"end":{"line":122,"column":35}},"72":{"start":{"line":123,"column":4},"end":{"line":123,"column":23}},"73":{"start":{"line":123,"column":16},"end":{"line":123,"column":23}},"74":{"start":{"line":124,"column":4},"end":{"line":124,"column":36}},"75":{"start":{"line":131,"column":0},"end":{"line":164,"column":2}},"76":{"start":{"line":133,"column":4},"end":{"line":133,"column":29}},"77":{"start":{"line":134,"column":4},"end":{"line":134,"column":24}},"78":{"start":{"line":138,"column":18},"end":{"line":138,"column":35}},"79":{"start":{"line":139,"column":4},"end":{"line":139,"column":89}},"80":{"start":{"line":139,"column":16},"end":{"line":139,"column":89}},"81":{"start":{"line":141,"column":21},"end":{"line":141,"column":43}},"82":{"start":{"line":142,"column":20},"end":{"line":142,"column":46}},"83":{"start":{"line":143,"column":4},"end":{"line":145,"column":5}},"84":{"start":{"line":144,"column":6},"end":{"line":144,"column":51}},"85":{"start":{"line":146,"column":16},"end":{"line":146,"column":42}},"86":{"start":{"line":147,"column":4},"end":{"line":150,"column":6}},"87":{"start":{"line":154,"column":18},"end":{"line":154,"column":35}},"88":{"start":{"line":155,"column":4},"end":{"line":155,"column":23}},"89":{"start":{"line":155,"column":16},"end":{"line":155,"column":23}},"90":{"start":{"line":156,"column":4},"end":{"line":156,"column":45}},"91":{"start":{"line":160,"column":18},"end":{"line":160,"column":35}},"92":{"start":{"line":161,"column":4},"end":{"line":161,"column":23}},"93":{"start":{"line":161,"column":16},"end":{"line":161,"column":23}},"94":{"start":{"line":162,"column":4},"end":{"line":162,"column":44}},"95":{"start":{"line":166,"column":0},"end":{"line":166,"column":30}}},"fnMap":{"0":{"name":"(anonymous_0)","decl":{"start":{"line":11,"column":18},"end":{"line":11,"column":19}},"loc":{"start":{"line":11,"column":30},"end":{"line":53,"column":1}},"line":11},"1":{"name":"(anonymous_1)","decl":{"start":{"line":19,"column":25},"end":{"line":19,"column":26}},"loc":{"start":{"line":19,"column":38},"end":{"line":25,"column":7}},"line":19},"2":{"name":"(anonymous_2)","decl":{"start":{"line":30,"column":21},"end":{"line":30,"column":22}},"loc":{"start":{"line":30,"column":30},"end":{"line":33,"column":3}},"line":30},"3":{"name":"(anonymous_3)","decl":{"start":{"line":35,"column":23},"end":{"line":35,"column":24}},"loc":{"start":{"line":35,"column":29},"end":{"line":38,"column":3}},"line":35},"4":{"name":"(anonymous_4)","decl":{"start":{"line":40,"column":28},"end":{"line":40,"column":29}},"loc":{"start":{"line":40,"column":34},"end":{"line":42,"column":3}},"line":40},"5":{"name":"(anonymous_5)","decl":{"start":{"line":60,"column":17},"end":{"line":60,"column":18}},"loc":{"start":{"line":60,"column":43},"end":{"line":69,"column":1}},"line":60},"6":{"name":"(anonymous_6)","decl":{"start":{"line":71,"column":17},"end":{"line":71,"column":18}},"loc":{"start":{"line":71,"column":34},"end":{"line":79,"column":1}},"line":71},"7":{"name":"(anonymous_7)","decl":{"start":{"line":81,"column":20},"end":{"line":81,"column":21}},"loc":{"start":{"line":81,"column":37},"end":{"line":88,"column":1}},"line":81},"8":{"name":"(anonymous_8)","decl":{"start":{"line":94,"column":25},"end":{"line":94,"column":26}},"loc":{"start":{"line":94,"column":54},"end":{"line":98,"column":1}},"line":94},"9":{"name":"(anonymous_9)","decl":{"start":{"line":100,"column":29},"end":{"line":100,"column":30}},"loc":{"start":{"line":100,"column":46},"end":{"line":105,"column":1}},"line":100},"10":{"name":"(anonymous_10)","decl":{"start":{"line":110,"column":7},"end":{"line":110,"column":8}},"loc":{"start":{"line":110,"column":22},"end":{"line":115,"column":3}},"line":110},"11":{"name":"(anonymous_11)","decl":{"start":{"line":116,"column":7},"end":{"line":116,"column":8}},"loc":{"start":{"line":116,"column":47},"end":{"line":120,"column":3}},"line":116},"12":{"name":"(anonymous_12)","decl":{"start":{"line":121,"column":7},"end":{"line":121,"column":8}},"loc":{"start":{"line":121,"column":22},"end":{"line":125,"column":3}},"line":121},"13":{"name":"(anonymous_13)","decl":{"start":{"line":132,"column":2},"end":{"line":132,"column":3}},"loc":{"start":{"line":132,"column":24},"end":{"line":135,"column":3}},"line":132},"14":{"name":"(anonymous_14)","decl":{"start":{"line":137,"column":2},"end":{"line":137,"column":3}},"loc":{"start":{"line":137,"column":23},"end":{"line":151,"column":3}},"line":137},"15":{"name":"(anonymous_15)","decl":{"start":{"line":153,"column":2},"end":{"line":153,"column":3}},"loc":{"start":{"line":153,"column":23},"end":{"line":157,"column":3}},"line":153},"16":{"name":"(anonymous_16)","decl":{"start":{"line":159,"column":2},"end":{"line":159,"column":3}},"loc":{"start":{"line":159,"column":22},"end":{"line":163,"column":3}},"line":159}},"branchMap":{"0":{"loc":{"start":{"line":12,"column":2},"end":{"line":12,"column":43}},"type":"if","locations":[{"start":{"line":12,"column":2},"end":{"line":12,"column":43}},{"start":{},"end":{}}],"line":12},"1":{"loc":{"start":{"line":12,"column":6},"end":{"line":12,"column":27}},"type":"binary-expr","locations":[{"start":{"line":12,"column":6},"end":{"line":12,"column":12}},{"start":{"line":12,"column":16},"end":{"line":12,"column":27}}],"line":12},"2":{"loc":{"start":{"line":14,"column":19},"end":{"line":14,"column":68}},"type":"binary-expr","locations":[{"start":{"line":14,"column":19},"end":{"line":14,"column":40}},{"start":{"line":14,"column":44},"end":{"line":14,"column":68}}],"line":14},"3":{"loc":{"start":{"line":20,"column":8},"end":{"line":23,"column":9}},"type":"if","locations":[{"start":{"line":20,"column":8},"end":{"line":23,"column":9}},{"start":{},"end":{}}],"line":20},"4":{"loc":{"start":{"line":62,"column":2},"end":{"line":67,"column":3}},"type":"if","locations":[{"start":{"line":62,"column":2},"end":{"line":67,"column":3}},{"start":{},"end":{}}],"line":62},"5":{"loc":{"start":{"line":64,"column":26},"end":{"line":64,"column":58}},"type":"binary-expr","locations":[{"start":{"line":64,"column":26},"end":{"line":64,"column":45}},{"start":{"line":64,"column":49},"end":{"line":64,"column":58}}],"line":64},"6":{"loc":{"start":{"line":73,"column":2},"end":{"line":76,"column":3}},"type":"if","locations":[{"start":{"line":73,"column":2},"end":{"line":76,"column":3}},{"start":{},"end":{}}],"line":73},"7":{"loc":{"start":{"line":75,"column":11},"end":{"line":75,"column":23}},"type":"binary-expr","locations":[{"start":{"line":75,"column":11},"end":{"line":75,"column":15}},{"start":{"line":75,"column":19},"end":{"line":75,"column":23}}],"line":75},"8":{"loc":{"start":{"line":78,"column":9},"end":{"line":78,"column":37}},"type":"cond-expr","locations":[{"start":{"line":78,"column":15},"end":{"line":78,"column":30}},{"start":{"line":78,"column":33},"end":{"line":78,"column":37}}],"line":78},"9":{"loc":{"start":{"line":83,"column":2},"end":{"line":86,"column":3}},"type":"if","locations":[{"start":{"line":83,"column":2},"end":{"line":86,"column":3}},{"start":{},"end":{}}],"line":83},"10":{"loc":{"start":{"line":96,"column":2},"end":{"line":96,"column":21}},"type":"if","locations":[{"start":{"line":96,"column":2},"end":{"line":96,"column":21}},{"start":{},"end":{}}],"line":96},"11":{"loc":{"start":{"line":102,"column":2},"end":{"line":102,"column":27}},"type":"if","locations":[{"start":{"line":102,"column":2},"end":{"line":102,"column":27}},{"start":{},"end":{}}],"line":102},"12":{"loc":{"start":{"line":112,"column":4},"end":{"line":112,"column":28}},"type":"if","locations":[{"start":{"line":112,"column":4},"end":{"line":112,"column":28}},{"start":{},"end":{}}],"line":112},"13":{"loc":{"start":{"line":114,"column":11},"end":{"line":114,"column":39}},"type":"cond-expr","locations":[{"start":{"line":114,"column":17},"end":{"line":114,"column":32}},{"start":{"line":114,"column":35},"end":{"line":114,"column":39}}],"line":114},"14":{"loc":{"start":{"line":116,"column":26},"end":{"line":116,"column":42}},"type":"default-arg","locations":[{"start":{"line":116,"column":39},"end":{"line":116,"column":42}}],"line":116},"15":{"loc":{"start":{"line":118,"column":4},"end":{"line":118,"column":23}},"type":"if","locations":[{"start":{"line":118,"column":4},"end":{"line":118,"column":23}},{"start":{},"end":{}}],"line":118},"16":{"loc":{"start":{"line":123,"column":4},"end":{"line":123,"column":23}},"type":"if","locations":[{"start":{"line":123,"column":4},"end":{"line":123,"column":23}},{"start":{},"end":{}}],"line":123},"17":{"loc":{"start":{"line":139,"column":4},"end":{"line":139,"column":89}},"type":"if","locations":[{"start":{"line":139,"column":4},"end":{"line":139,"column":89}},{"start":{},"end":{}}],"line":139},"18":{"loc":{"start":{"line":143,"column":4},"end":{"line":145,"column":5}},"type":"if","locations":[{"start":{"line":143,"column":4},"end":{"line":145,"column":5}},{"start":{},"end":{}}],"line":143},"19":{"loc":{"start":{"line":155,"column":4},"end":{"line":155,"column":23}},"type":"if","locations":[{"start":{"line":155,"column":4},"end":{"line":155,"column":23}},{"start":{},"end":{}}],"line":155},"20":{"loc":{"start":{"line":161,"column":4},"end":{"line":161,"column":23}},"type":"if","locations":[{"start":{"line":161,"column":4},"end":{"line":161,"column":23}},{"start":{},"end":{}}],"line":161}},"s":{"0":1,"1":1,"2":1,"3":1,"4":1,"5":0,"6":0,"7":0,"8":0,"9":0,"10":0,"11":0,"12":0,"13":0,"14":0,"15":0,"16":0,"17":0,"18":0,"19":0,"20":0,"21":0,"22":0,"23":0,"24":0,"25":0,"26":0,"27":1,"28":1,"29":1,"30":0,"31":0,"32":0,"33":0,"34":0,"35":0,"36":1,"37":0,"38":0,"39":0,"40":0,"41":0,"42":0,"43":1,"44":0,"45":0,"46":0,"47":0,"48":0,"49":1,"50":1,"51":0,"52":0,"53":0,"54":0,"55":1,"56":0,"57":0,"58":0,"59":0,"60":0,"61":1,"62":0,"63":0,"64":0,"65":0,"66":0,"67":0,"68":0,"69":0,"70":0,"71":0,"72":0,"73":0,"74":0,"75":1,"76":0,"77":0,"78":0,"79":0,"80":0,"81":0,"82":0,"83":0,"84":0,"85":0,"86":0,"87":0,"88":0,"89":0,"90":0,"91":0,"92":0,"93":0,"94":0,"95":1},"f":{"0":0,"1":0,"2":0,"3":0,"4":0,"5":0,"6":0,"7":0,"8":0,"9":0,"10":0,"11":0,"12":0,"13":0,"14":0,"15":0,"16":0},"b":{"0":[0,0],"1":[0,0],"2":[0,0],"3":[0,0],"4":[0,0],"5":[0,0],"6":[0,0],"7":[0,0],"8":[0,0],"9":[0,0],"10":[0,0],"11":[0,0],"12":[0,0],"13":[0,0],"14":[0],"15":[0,0],"16":[0,0],"17":[0,0],"18":[0,0],"19":[0,0],"20":[0,0]},"_coverageSchema":"1a1c01bbd47fc00a2c39e90264f33305004495a9","hash":"3600de40f5bcc3f20421368a7b06e65d2a648e16"}
,"D:\\Legal\\backend\\src\\controllers\\adminController.js": {"path":"D:\\Legal\\backend\\src\\controllers\\adminController.js","statementMap":{"0":{"start":{"line":1,"column":13},"end":{"line":1,"column":38}},"1":{"start":{"line":2,"column":17},"end":{"line":2,"column":46}},"2":{"start":{"line":3,"column":16},"end":{"line":3,"column":44}},"3":{"start":{"line":4,"column":15},"end":{"line":4,"column":42}},"4":{"start":{"line":5,"column":17},"end":{"line":5,"column":46}},"5":{"start":{"line":6,"column":13},"end":{"line":6,"column":38}},"6":{"start":{"line":9,"column":0},"end":{"line":76,"column":2}},"7":{"start":{"line":10,"column":2},"end":{"line":75,"column":30}},"8":{"start":{"line":11,"column":16},"end":{"line":11,"column":26}},"9":{"start":{"line":12,"column":27},"end":{"line":12,"column":73}},"10":{"start":{"line":13,"column":29},"end":{"line":13,"column":79}},"11":{"start":{"line":14,"column":29},"end":{"line":14,"column":75}},"12":{"start":{"line":15,"column":25},"end":{"line":15,"column":83}},"13":{"start":{"line":16,"column":23},"end":{"line":16,"column":98}},"14":{"start":{"line":24,"column":8},"end":{"line":45,"column":6}},"15":{"start":{"line":47,"column":25},"end":{"line":47,"column":51}},"16":{"start":{"line":48,"column":27},"end":{"line":48,"column":60}},"17":{"start":{"line":49,"column":26},"end":{"line":49,"column":56}},"18":{"start":{"line":50,"column":23},"end":{"line":52,"column":11}},"19":{"start":{"line":54,"column":4},"end":{"line":74,"column":7}},"20":{"start":{"line":75,"column":18},"end":{"line":75,"column":28}},"21":{"start":{"line":79,"column":0},"end":{"line":107,"column":2}},"22":{"start":{"line":80,"column":2},"end":{"line":106,"column":30}},"23":{"start":{"line":81,"column":35},"end":{"line":81,"column":44}},"24":{"start":{"line":82,"column":16},"end":{"line":82,"column":26}},"25":{"start":{"line":85,"column":4},"end":{"line":97,"column":5}},"26":{"start":{"line":86,"column":6},"end":{"line":86,"column":82}},"27":{"start":{"line":87,"column":6},"end":{"line":87,"column":119}},"28":{"start":{"line":88,"column":11},"end":{"line":97,"column":5}},"29":{"start":{"line":89,"column":6},"end":{"line":89,"column":73}},"30":{"start":{"line":90,"column":6},"end":{"line":90,"column":81}},"31":{"start":{"line":91,"column":11},"end":{"line":97,"column":5}},"32":{"start":{"line":92,"column":6},"end":{"line":92,"column":56}},"33":{"start":{"line":93,"column":6},"end":{"line":93,"column":50}},"34":{"start":{"line":95,"column":6},"end":{"line":95,"column":73}},"35":{"start":{"line":96,"column":6},"end":{"line":96,"column":83}},"36":{"start":{"line":99,"column":28},"end":{"line":103,"column":6}},"37":{"start":{"line":105,"column":4},"end":{"line":105,"column":55}},"38":{"start":{"line":106,"column":18},"end":{"line":106,"column":28}},"39":{"start":{"line":110,"column":0},"end":{"line":127,"column":2}},"40":{"start":{"line":111,"column":2},"end":{"line":126,"column":30}},"41":{"start":{"line":112,"column":26},"end":{"line":112,"column":73}},"42":{"start":{"line":113,"column":38},"end":{"line":124,"column":6}},"43":{"start":{"line":125,"column":4},"end":{"line":125,"column":67}},"44":{"start":{"line":126,"column":18},"end":{"line":126,"column":28}},"45":{"start":{"line":130,"column":0},"end":{"line":155,"column":2}},"46":{"start":{"line":131,"column":2},"end":{"line":154,"column":30}},"47":{"start":{"line":132,"column":21},"end":{"line":132,"column":40}},"48":{"start":{"line":133,"column":20},"end":{"line":133,"column":80}},"49":{"start":{"line":134,"column":19},"end":{"line":134,"column":35}},"50":{"start":{"line":135,"column":16},"end":{"line":135,"column":37}},"51":{"start":{"line":136,"column":4},"end":{"line":153,"column":7}},"52":{"start":{"line":154,"column":18},"end":{"line":154,"column":28}},"53":{"start":{"line":158,"column":0},"end":{"line":224,"column":2}},"54":{"start":{"line":159,"column":2},"end":{"line":223,"column":30}},"55":{"start":{"line":160,"column":61},"end":{"line":160,"column":70}},"56":{"start":{"line":161,"column":19},"end":{"line":161,"column":21}},"57":{"start":{"line":162,"column":4},"end":{"line":162,"column":33}},"58":{"start":{"line":162,"column":14},"end":{"line":162,"column":33}},"59":{"start":{"line":163,"column":4},"end":{"line":163,"column":89}},"60":{"start":{"line":163,"column":51},"end":{"line":163,"column":89}},"61":{"start":{"line":164,"column":4},"end":{"line":170,"column":5}},"62":{"start":{"line":165,"column":6},"end":{"line":169,"column":8}},"63":{"start":{"line":172,"column":17},"end":{"line":172,"column":51}},"64":{"start":{"line":174,"column":18},"end":{"line":218,"column":6}},"65":{"start":{"line":220,"column":18},"end":{"line":220,"column":51}},"66":{"start":{"line":222,"column":4},"end":{"line":222,"column":143}},"67":{"start":{"line":223,"column":18},"end":{"line":223,"column":28}},"68":{"start":{"line":227,"column":0},"end":{"line":248,"column":2}},"69":{"start":{"line":228,"column":2},"end":{"line":247,"column":30}},"70":{"start":{"line":229,"column":17},"end":{"line":232,"column":13}},"71":{"start":{"line":233,"column":4},"end":{"line":233,"column":90}},"72":{"start":{"line":233,"column":15},"end":{"line":233,"column":90}},"73":{"start":{"line":235,"column":43},"end":{"line":244,"column":6}},"74":{"start":{"line":246,"column":4},"end":{"line":246,"column":78}},"75":{"start":{"line":247,"column":18},"end":{"line":247,"column":28}},"76":{"start":{"line":251,"column":0},"end":{"line":265,"column":2}},"77":{"start":{"line":252,"column":2},"end":{"line":264,"column":30}},"78":{"start":{"line":253,"column":23},"end":{"line":253,"column":31}},"79":{"start":{"line":254,"column":17},"end":{"line":254,"column":51}},"80":{"start":{"line":255,"column":4},"end":{"line":255,"column":90}},"81":{"start":{"line":255,"column":15},"end":{"line":255,"column":90}},"82":{"start":{"line":256,"column":4},"end":{"line":256,"column":114}},"83":{"start":{"line":256,"column":31},"end":{"line":256,"column":114}},"84":{"start":{"line":257,"column":4},"end":{"line":257,"column":35}},"85":{"start":{"line":258,"column":4},"end":{"line":258,"column":51}},"86":{"start":{"line":259,"column":4},"end":{"line":263,"column":7}},"87":{"start":{"line":264,"column":18},"end":{"line":264,"column":28}},"88":{"start":{"line":268,"column":0},"end":{"line":287,"column":2}},"89":{"start":{"line":269,"column":2},"end":{"line":286,"column":30}},"90":{"start":{"line":270,"column":65},"end":{"line":270,"column":74}},"91":{"start":{"line":271,"column":19},"end":{"line":271,"column":21}},"92":{"start":{"line":272,"column":4},"end":{"line":272,"column":75}},"93":{"start":{"line":272,"column":28},"end":{"line":272,"column":75}},"94":{"start":{"line":273,"column":4},"end":{"line":278,"column":5}},"95":{"start":{"line":274,"column":28},"end":{"line":276,"column":29}},"96":{"start":{"line":277,"column":6},"end":{"line":277,"column":59}},"97":{"start":{"line":277,"column":50},"end":{"line":277,"column":55}},"98":{"start":{"line":279,"column":31},"end":{"line":284,"column":6}},"99":{"start":{"line":285,"column":4},"end":{"line":285,"column":147}},"100":{"start":{"line":286,"column":18},"end":{"line":286,"column":28}},"101":{"start":{"line":290,"column":0},"end":{"line":314,"column":2}},"102":{"start":{"line":291,"column":2},"end":{"line":313,"column":30}},"103":{"start":{"line":292,"column":21},"end":{"line":294,"column":13}},"104":{"start":{"line":295,"column":4},"end":{"line":295,"column":98}},"105":{"start":{"line":295,"column":19},"end":{"line":295,"column":98}},"106":{"start":{"line":297,"column":48},"end":{"line":308,"column":6}},"107":{"start":{"line":310,"column":25},"end":{"line":310,"column":80}},"108":{"start":{"line":312,"column":4},"end":{"line":312,"column":101}},"109":{"start":{"line":313,"column":18},"end":{"line":313,"column":28}},"110":{"start":{"line":317,"column":0},"end":{"line":331,"column":2}},"111":{"start":{"line":318,"column":2},"end":{"line":330,"column":30}},"112":{"start":{"line":319,"column":29},"end":{"line":319,"column":37}},"113":{"start":{"line":320,"column":4},"end":{"line":322,"column":5}},"114":{"start":{"line":321,"column":6},"end":{"line":321,"column":81}},"115":{"start":{"line":323,"column":21},"end":{"line":327,"column":36}},"116":{"start":{"line":328,"column":4},"end":{"line":328,"column":98}},"117":{"start":{"line":328,"column":19},"end":{"line":328,"column":98}},"118":{"start":{"line":329,"column":4},"end":{"line":329,"column":79}},"119":{"start":{"line":330,"column":18},"end":{"line":330,"column":28}},"120":{"start":{"line":334,"column":0},"end":{"line":341,"column":2}},"121":{"start":{"line":335,"column":2},"end":{"line":340,"column":30}},"122":{"start":{"line":336,"column":18},"end":{"line":338,"column":47}},"123":{"start":{"line":339,"column":4},"end":{"line":339,"column":45}},"124":{"start":{"line":340,"column":18},"end":{"line":340,"column":28}},"125":{"start":{"line":344,"column":0},"end":{"line":434,"column":2}},"126":{"start":{"line":345,"column":2},"end":{"line":433,"column":30}},"127":{"start":{"line":346,"column":21},"end":{"line":348,"column":13}},"128":{"start":{"line":349,"column":4},"end":{"line":349,"column":98}},"129":{"start":{"line":349,"column":19},"end":{"line":349,"column":98}},"130":{"start":{"line":351,"column":28},"end":{"line":351,"column":38}},"131":{"start":{"line":352,"column":4},"end":{"line":352,"column":62}},"132":{"start":{"line":353,"column":4},"end":{"line":353,"column":31}},"133":{"start":{"line":354,"column":4},"end":{"line":354,"column":41}},"134":{"start":{"line":356,"column":68},"end":{"line":409,"column":6}},"135":{"start":{"line":411,"column":19},"end":{"line":411,"column":92}},"136":{"start":{"line":412,"column":24},"end":{"line":412,"column":120}},"137":{"start":{"line":414,"column":4},"end":{"line":432,"column":7}},"138":{"start":{"line":422,"column":35},"end":{"line":428,"column":9}},"139":{"start":{"line":433,"column":18},"end":{"line":433,"column":28}},"140":{"start":{"line":437,"column":0},"end":{"line":506,"column":2}},"141":{"start":{"line":438,"column":2},"end":{"line":505,"column":30}},"142":{"start":{"line":439,"column":16},"end":{"line":439,"column":26}},"143":{"start":{"line":440,"column":25},"end":{"line":440,"column":71}},"144":{"start":{"line":442,"column":45},"end":{"line":491,"column":6}},"145":{"start":{"line":493,"column":4},"end":{"line":504,"column":7}},"146":{"start":{"line":505,"column":18},"end":{"line":505,"column":28}},"147":{"start":{"line":509,"column":0},"end":{"line":546,"column":2}},"148":{"start":{"line":510,"column":2},"end":{"line":545,"column":30}},"149":{"start":{"line":511,"column":37},"end":{"line":511,"column":46}},"150":{"start":{"line":512,"column":17},"end":{"line":512,"column":35}},"151":{"start":{"line":514,"column":59},"end":{"line":521,"column":6}},"152":{"start":{"line":523,"column":17},"end":{"line":542,"column":101}},"153":{"start":{"line":524,"column":34},"end":{"line":529,"column":7}},"154":{"start":{"line":530,"column":31},"end":{"line":535,"column":7}},"155":{"start":{"line":536,"column":35},"end":{"line":541,"column":7}},"156":{"start":{"line":542,"column":21},"end":{"line":542,"column":66}},"157":{"start":{"line":544,"column":4},"end":{"line":544,"column":44}},"158":{"start":{"line":545,"column":18},"end":{"line":545,"column":28}},"159":{"start":{"line":549,"column":0},"end":{"line":555,"column":2}},"160":{"start":{"line":550,"column":2},"end":{"line":554,"column":30}},"161":{"start":{"line":551,"column":19},"end":{"line":551,"column":75}},"162":{"start":{"line":552,"column":4},"end":{"line":552,"column":56}},"163":{"start":{"line":552,"column":19},"end":{"line":552,"column":56}},"164":{"start":{"line":553,"column":4},"end":{"line":553,"column":48}},"165":{"start":{"line":554,"column":18},"end":{"line":554,"column":28}},"166":{"start":{"line":557,"column":0},"end":{"line":575,"column":2}},"167":{"start":{"line":558,"column":2},"end":{"line":574,"column":30}},"168":{"start":{"line":559,"column":27},"end":{"line":562,"column":5}},"169":{"start":{"line":563,"column":23},"end":{"line":563,"column":25}},"170":{"start":{"line":564,"column":4},"end":{"line":566,"column":5}},"171":{"start":{"line":565,"column":6},"end":{"line":565,"column":71}},"172":{"start":{"line":565,"column":39},"end":{"line":565,"column":71}},"173":{"start":{"line":568,"column":19},"end":{"line":572,"column":5}},"174":{"start":{"line":573,"column":4},"end":{"line":573,"column":90}},"175":{"start":{"line":574,"column":18},"end":{"line":574,"column":28}},"176":{"start":{"line":577,"column":0},"end":{"line":595,"column":2}},"177":{"start":{"line":578,"column":2},"end":{"line":594,"column":30}},"178":{"start":{"line":579,"column":19},"end":{"line":581,"column":13}},"179":{"start":{"line":582,"column":4},"end":{"line":592,"column":5}},"180":{"start":{"line":583,"column":16},"end":{"line":583,"column":41}},"181":{"start":{"line":584,"column":6},"end":{"line":591,"column":8}},"182":{"start":{"line":593,"column":4},"end":{"line":593,"column":48}},"183":{"start":{"line":594,"column":18},"end":{"line":594,"column":28}}},"fnMap":{"0":{"name":"(anonymous_0)","decl":{"start":{"line":9,"column":28},"end":{"line":9,"column":29}},"loc":{"start":{"line":9,"column":54},"end":{"line":76,"column":1}},"line":9},"1":{"name":"(anonymous_1)","decl":{"start":{"line":79,"column":30},"end":{"line":79,"column":31}},"loc":{"start":{"line":79,"column":56},"end":{"line":107,"column":1}},"line":79},"2":{"name":"(anonymous_2)","decl":{"start":{"line":110,"column":27},"end":{"line":110,"column":28}},"loc":{"start":{"line":110,"column":53},"end":{"line":127,"column":1}},"line":110},"3":{"name":"(anonymous_3)","decl":{"start":{"line":130,"column":26},"end":{"line":130,"column":27}},"loc":{"start":{"line":130,"column":52},"end":{"line":155,"column":1}},"line":130},"4":{"name":"(anonymous_4)","decl":{"start":{"line":158,"column":23},"end":{"line":158,"column":24}},"loc":{"start":{"line":158,"column":49},"end":{"line":224,"column":1}},"line":158},"5":{"name":"(anonymous_5)","decl":{"start":{"line":227,"column":24},"end":{"line":227,"column":25}},"loc":{"start":{"line":227,"column":50},"end":{"line":248,"column":1}},"line":227},"6":{"name":"(anonymous_6)","decl":{"start":{"line":251,"column":24},"end":{"line":251,"column":25}},"loc":{"start":{"line":251,"column":50},"end":{"line":265,"column":1}},"line":251},"7":{"name":"(anonymous_7)","decl":{"start":{"line":268,"column":27},"end":{"line":268,"column":28}},"loc":{"start":{"line":268,"column":53},"end":{"line":287,"column":1}},"line":268},"8":{"name":"(anonymous_8)","decl":{"start":{"line":277,"column":45},"end":{"line":277,"column":46}},"loc":{"start":{"line":277,"column":50},"end":{"line":277,"column":55}},"line":277},"9":{"name":"(anonymous_9)","decl":{"start":{"line":290,"column":28},"end":{"line":290,"column":29}},"loc":{"start":{"line":290,"column":54},"end":{"line":314,"column":1}},"line":290},"10":{"name":"(anonymous_10)","decl":{"start":{"line":317,"column":25},"end":{"line":317,"column":26}},"loc":{"start":{"line":317,"column":51},"end":{"line":331,"column":1}},"line":317},"11":{"name":"(anonymous_11)","decl":{"start":{"line":334,"column":33},"end":{"line":334,"column":34}},"loc":{"start":{"line":334,"column":59},"end":{"line":341,"column":1}},"line":334},"12":{"name":"(anonymous_12)","decl":{"start":{"line":344,"column":30},"end":{"line":344,"column":31}},"loc":{"start":{"line":344,"column":56},"end":{"line":434,"column":1}},"line":344},"13":{"name":"(anonymous_13)","decl":{"start":{"line":422,"column":29},"end":{"line":422,"column":30}},"loc":{"start":{"line":422,"column":35},"end":{"line":428,"column":9}},"line":422},"14":{"name":"(anonymous_14)","decl":{"start":{"line":437,"column":30},"end":{"line":437,"column":31}},"loc":{"start":{"line":437,"column":56},"end":{"line":506,"column":1}},"line":437},"15":{"name":"(anonymous_15)","decl":{"start":{"line":509,"column":24},"end":{"line":509,"column":25}},"loc":{"start":{"line":509,"column":50},"end":{"line":546,"column":1}},"line":509},"16":{"name":"(anonymous_16)","decl":{"start":{"line":524,"column":28},"end":{"line":524,"column":29}},"loc":{"start":{"line":524,"column":34},"end":{"line":529,"column":7}},"line":524},"17":{"name":"(anonymous_17)","decl":{"start":{"line":530,"column":25},"end":{"line":530,"column":26}},"loc":{"start":{"line":530,"column":31},"end":{"line":535,"column":7}},"line":530},"18":{"name":"(anonymous_18)","decl":{"start":{"line":536,"column":29},"end":{"line":536,"column":30}},"loc":{"start":{"line":536,"column":35},"end":{"line":541,"column":7}},"line":536},"19":{"name":"(anonymous_19)","decl":{"start":{"line":542,"column":11},"end":{"line":542,"column":12}},"loc":{"start":{"line":542,"column":21},"end":{"line":542,"column":66}},"line":542},"20":{"name":"(anonymous_20)","decl":{"start":{"line":549,"column":22},"end":{"line":549,"column":23}},"loc":{"start":{"line":549,"column":48},"end":{"line":555,"column":1}},"line":549},"21":{"name":"(anonymous_21)","decl":{"start":{"line":557,"column":25},"end":{"line":557,"column":26}},"loc":{"start":{"line":557,"column":51},"end":{"line":575,"column":1}},"line":557},"22":{"name":"(anonymous_22)","decl":{"start":{"line":577,"column":28},"end":{"line":577,"column":29}},"loc":{"start":{"line":577,"column":54},"end":{"line":595,"column":1}},"line":577}},"branchMap":{"0":{"loc":{"start":{"line":47,"column":25},"end":{"line":47,"column":51}},"type":"binary-expr","locations":[{"start":{"line":47,"column":25},"end":{"line":47,"column":46}},{"start":{"line":47,"column":50},"end":{"line":47,"column":51}}],"line":47},"1":{"loc":{"start":{"line":48,"column":27},"end":{"line":48,"column":60}},"type":"binary-expr","locations":[{"start":{"line":48,"column":27},"end":{"line":48,"column":55}},{"start":{"line":48,"column":59},"end":{"line":48,"column":60}}],"line":48},"2":{"loc":{"start":{"line":49,"column":26},"end":{"line":49,"column":56}},"type":"binary-expr","locations":[{"start":{"line":49,"column":26},"end":{"line":49,"column":51}},{"start":{"line":49,"column":55},"end":{"line":49,"column":56}}],"line":49},"3":{"loc":{"start":{"line":50,"column":23},"end":{"line":52,"column":11}},"type":"cond-expr","locations":[{"start":{"line":51,"column":8},"end":{"line":51,"column":88}},{"start":{"line":52,"column":8},"end":{"line":52,"column":11}}],"line":50},"4":{"loc":{"start":{"line":61,"column":24},"end":{"line":62,"column":70}},"type":"cond-expr","locations":[{"start":{"line":62,"column":12},"end":{"line":62,"column":66}},{"start":{"line":62,"column":69},"end":{"line":62,"column":70}}],"line":61},"5":{"loc":{"start":{"line":81,"column":12},"end":{"line":81,"column":30}},"type":"default-arg","locations":[{"start":{"line":81,"column":21},"end":{"line":81,"column":30}}],"line":81},"6":{"loc":{"start":{"line":85,"column":4},"end":{"line":97,"column":5}},"type":"if","locations":[{"start":{"line":85,"column":4},"end":{"line":97,"column":5}},{"start":{"line":88,"column":11},"end":{"line":97,"column":5}}],"line":85},"7":{"loc":{"start":{"line":88,"column":11},"end":{"line":97,"column":5}},"type":"if","locations":[{"start":{"line":88,"column":11},"end":{"line":97,"column":5}},{"start":{"line":91,"column":11},"end":{"line":97,"column":5}}],"line":88},"8":{"loc":{"start":{"line":91,"column":11},"end":{"line":97,"column":5}},"type":"if","locations":[{"start":{"line":91,"column":11},"end":{"line":97,"column":5}},{"start":{"line":94,"column":11},"end":{"line":97,"column":5}}],"line":91},"9":{"loc":{"start":{"line":160,"column":12},"end":{"line":160,"column":20}},"type":"default-arg","locations":[{"start":{"line":160,"column":19},"end":{"line":160,"column":20}}],"line":160},"10":{"loc":{"start":{"line":160,"column":22},"end":{"line":160,"column":32}},"type":"default-arg","locations":[{"start":{"line":160,"column":30},"end":{"line":160,"column":32}}],"line":160},"11":{"loc":{"start":{"line":162,"column":4},"end":{"line":162,"column":33}},"type":"if","locations":[{"start":{"line":162,"column":4},"end":{"line":162,"column":33}},{"start":{},"end":{}}],"line":162},"12":{"loc":{"start":{"line":163,"column":4},"end":{"line":163,"column":89}},"type":"if","locations":[{"start":{"line":163,"column":4},"end":{"line":163,"column":89}},{"start":{},"end":{}}],"line":163},"13":{"loc":{"start":{"line":163,"column":8},"end":{"line":163,"column":49}},"type":"binary-expr","locations":[{"start":{"line":163,"column":8},"end":{"line":163,"column":30}},{"start":{"line":163,"column":34},"end":{"line":163,"column":49}}],"line":163},"14":{"loc":{"start":{"line":164,"column":4},"end":{"line":170,"column":5}},"type":"if","locations":[{"start":{"line":164,"column":4},"end":{"line":170,"column":5}},{"start":{},"end":{}}],"line":164},"15":{"loc":{"start":{"line":233,"column":4},"end":{"line":233,"column":90}},"type":"if","locations":[{"start":{"line":233,"column":4},"end":{"line":233,"column":90}},{"start":{},"end":{}}],"line":233},"16":{"loc":{"start":{"line":255,"column":4},"end":{"line":255,"column":90}},"type":"if","locations":[{"start":{"line":255,"column":4},"end":{"line":255,"column":90}},{"start":{},"end":{}}],"line":255},"17":{"loc":{"start":{"line":256,"column":4},"end":{"line":256,"column":114}},"type":"if","locations":[{"start":{"line":256,"column":4},"end":{"line":256,"column":114}},{"start":{},"end":{}}],"line":256},"18":{"loc":{"start":{"line":262,"column":15},"end":{"line":262,"column":95}},"type":"cond-expr","locations":[{"start":{"line":262,"column":31},"end":{"line":262,"column":49}},{"start":{"line":262,"column":52},"end":{"line":262,"column":95}}],"line":262},"19":{"loc":{"start":{"line":262,"column":66},"end":{"line":262,"column":93}},"type":"cond-expr","locations":[{"start":{"line":262,"column":75},"end":{"line":262,"column":88}},{"start":{"line":262,"column":91},"end":{"line":262,"column":93}}],"line":262},"20":{"loc":{"start":{"line":270,"column":12},"end":{"line":270,"column":20}},"type":"default-arg","locations":[{"start":{"line":270,"column":19},"end":{"line":270,"column":20}}],"line":270},"21":{"loc":{"start":{"line":270,"column":22},"end":{"line":270,"column":32}},"type":"default-arg","locations":[{"start":{"line":270,"column":30},"end":{"line":270,"column":32}}],"line":270},"22":{"loc":{"start":{"line":272,"column":4},"end":{"line":272,"column":75}},"type":"if","locations":[{"start":{"line":272,"column":4},"end":{"line":272,"column":75}},{"start":{},"end":{}}],"line":272},"23":{"loc":{"start":{"line":273,"column":4},"end":{"line":278,"column":5}},"type":"if","locations":[{"start":{"line":273,"column":4},"end":{"line":278,"column":5}},{"start":{},"end":{}}],"line":273},"24":{"loc":{"start":{"line":295,"column":4},"end":{"line":295,"column":98}},"type":"if","locations":[{"start":{"line":295,"column":4},"end":{"line":295,"column":98}},{"start":{},"end":{}}],"line":295},"25":{"loc":{"start":{"line":310,"column":25},"end":{"line":310,"column":80}},"type":"binary-expr","locations":[{"start":{"line":310,"column":25},"end":{"line":310,"column":36}},{"start":{"line":310,"column":40},"end":{"line":310,"column":80}}],"line":310},"26":{"loc":{"start":{"line":320,"column":4},"end":{"line":322,"column":5}},"type":"if","locations":[{"start":{"line":320,"column":4},"end":{"line":322,"column":5}},{"start":{},"end":{}}],"line":320},"27":{"loc":{"start":{"line":328,"column":4},"end":{"line":328,"column":98}},"type":"if","locations":[{"start":{"line":328,"column":4},"end":{"line":328,"column":98}},{"start":{},"end":{}}],"line":328},"28":{"loc":{"start":{"line":349,"column":4},"end":{"line":349,"column":98}},"type":"if","locations":[{"start":{"line":349,"column":4},"end":{"line":349,"column":98}},{"start":{},"end":{}}],"line":349},"29":{"loc":{"start":{"line":412,"column":24},"end":{"line":412,"column":120}},"type":"binary-expr","locations":[{"start":{"line":412,"column":24},"end":{"line":412,"column":34}},{"start":{"line":412,"column":38},"end":{"line":412,"column":120}}],"line":412},"30":{"loc":{"start":{"line":420,"column":32},"end":{"line":420,"column":58}},"type":"binary-expr","locations":[{"start":{"line":420,"column":32},"end":{"line":420,"column":53}},{"start":{"line":420,"column":57},"end":{"line":420,"column":58}}],"line":420},"31":{"loc":{"start":{"line":496,"column":27},"end":{"line":496,"column":47}},"type":"binary-expr","locations":[{"start":{"line":496,"column":27},"end":{"line":496,"column":42}},{"start":{"line":496,"column":46},"end":{"line":496,"column":47}}],"line":496},"32":{"loc":{"start":{"line":497,"column":27},"end":{"line":497,"column":47}},"type":"binary-expr","locations":[{"start":{"line":497,"column":27},"end":{"line":497,"column":42}},{"start":{"line":497,"column":46},"end":{"line":497,"column":47}}],"line":497},"33":{"loc":{"start":{"line":498,"column":27},"end":{"line":498,"column":51}},"type":"binary-expr","locations":[{"start":{"line":498,"column":27},"end":{"line":498,"column":46}},{"start":{"line":498,"column":50},"end":{"line":498,"column":51}}],"line":498},"34":{"loc":{"start":{"line":499,"column":27},"end":{"line":499,"column":51}},"type":"binary-expr","locations":[{"start":{"line":499,"column":27},"end":{"line":499,"column":46}},{"start":{"line":499,"column":50},"end":{"line":499,"column":51}}],"line":499},"35":{"loc":{"start":{"line":500,"column":27},"end":{"line":501,"column":67}},"type":"cond-expr","locations":[{"start":{"line":501,"column":12},"end":{"line":501,"column":63}},{"start":{"line":501,"column":66},"end":{"line":501,"column":67}}],"line":500},"36":{"loc":{"start":{"line":501,"column":24},"end":{"line":501,"column":44}},"type":"binary-expr","locations":[{"start":{"line":501,"column":24},"end":{"line":501,"column":39}},{"start":{"line":501,"column":43},"end":{"line":501,"column":44}}],"line":501},"37":{"loc":{"start":{"line":511,"column":12},"end":{"line":511,"column":20}},"type":"default-arg","locations":[{"start":{"line":511,"column":19},"end":{"line":511,"column":20}}],"line":511},"38":{"loc":{"start":{"line":511,"column":22},"end":{"line":511,"column":32}},"type":"default-arg","locations":[{"start":{"line":511,"column":30},"end":{"line":511,"column":32}}],"line":511},"39":{"loc":{"start":{"line":526,"column":41},"end":{"line":526,"column":67}},"type":"binary-expr","locations":[{"start":{"line":526,"column":41},"end":{"line":526,"column":55}},{"start":{"line":526,"column":59},"end":{"line":526,"column":67}}],"line":526},"40":{"loc":{"start":{"line":526,"column":76},"end":{"line":526,"column":112}},"type":"binary-expr","locations":[{"start":{"line":526,"column":76},"end":{"line":526,"column":98}},{"start":{"line":526,"column":102},"end":{"line":526,"column":112}}],"line":526},"41":{"loc":{"start":{"line":527,"column":19},"end":{"line":527,"column":45}},"type":"binary-expr","locations":[{"start":{"line":527,"column":19},"end":{"line":527,"column":30}},{"start":{"line":527,"column":34},"end":{"line":527,"column":45}}],"line":527},"42":{"loc":{"start":{"line":538,"column":67},"end":{"line":538,"column":92}},"type":"binary-expr","locations":[{"start":{"line":538,"column":67},"end":{"line":538,"column":79}},{"start":{"line":538,"column":83},"end":{"line":538,"column":92}}],"line":538},"43":{"loc":{"start":{"line":539,"column":19},"end":{"line":539,"column":45}},"type":"binary-expr","locations":[{"start":{"line":539,"column":19},"end":{"line":539,"column":30}},{"start":{"line":539,"column":34},"end":{"line":539,"column":45}}],"line":539},"44":{"loc":{"start":{"line":552,"column":4},"end":{"line":552,"column":56}},"type":"if","locations":[{"start":{"line":552,"column":4},"end":{"line":552,"column":56}},{"start":{},"end":{}}],"line":552},"45":{"loc":{"start":{"line":565,"column":6},"end":{"line":565,"column":71}},"type":"if","locations":[{"start":{"line":565,"column":6},"end":{"line":565,"column":71}},{"start":{},"end":{}}],"line":565},"46":{"loc":{"start":{"line":582,"column":4},"end":{"line":592,"column":5}},"type":"if","locations":[{"start":{"line":582,"column":4},"end":{"line":592,"column":5}},{"start":{},"end":{}}],"line":582}},"s":{"0":1,"1":1,"2":1,"3":1,"4":1,"5":1,"6":1,"7":0,"8":0,"9":0,"10":0,"11":0,"12":0,"13":0,"14":0,"15":0,"16":0,"17":0,"18":0,"19":0,"20":0,"21":1,"22":0,"23":0,"24":0,"25":0,"26":0,"27":0,"28":0,"29":0,"30":0,"31":0,"32":0,"33":0,"34":0,"35":0,"36":0,"37":0,"38":0,"39":1,"40":0,"41":0,"42":0,"43":0,"44":0,"45":1,"46":0,"47":0,"48":0,"49":0,"50":0,"51":0,"52":0,"53":1,"54":0,"55":0,"56":0,"57":0,"58":0,"59":0,"60":0,"61":0,"62":0,"63":0,"64":0,"65":0,"66":0,"67":0,"68":1,"69":0,"70":0,"71":0,"72":0,"73":0,"74":0,"75":0,"76":1,"77":0,"78":0,"79":0,"80":0,"81":0,"82":0,"83":0,"84":0,"85":0,"86":0,"87":0,"88":1,"89":0,"90":0,"91":0,"92":0,"93":0,"94":0,"95":0,"96":0,"97":0,"98":0,"99":0,"100":0,"101":1,"102":0,"103":0,"104":0,"105":0,"106":0,"107":0,"108":0,"109":0,"110":1,"111":0,"112":0,"113":0,"114":0,"115":0,"116":0,"117":0,"118":0,"119":0,"120":1,"121":0,"122":0,"123":0,"124":0,"125":1,"126":0,"127":0,"128":0,"129":0,"130":0,"131":0,"132":0,"133":0,"134":0,"135":0,"136":0,"137":0,"138":0,"139":0,"140":1,"141":0,"142":0,"143":0,"144":0,"145":0,"146":0,"147":1,"148":0,"149":0,"150":0,"151":0,"152":0,"153":0,"154":0,"155":0,"156":0,"157":0,"158":0,"159":1,"160":0,"161":0,"162":0,"163":0,"164":0,"165":0,"166":1,"167":0,"168":0,"169":0,"170":0,"171":0,"172":0,"173":0,"174":0,"175":0,"176":1,"177":0,"178":0,"179":0,"180":0,"181":0,"182":0,"183":0},"f":{"0":0,"1":0,"2":0,"3":0,"4":0,"5":0,"6":0,"7":0,"8":0,"9":0,"10":0,"11":0,"12":0,"13":0,"14":0,"15":0,"16":0,"17":0,"18":0,"19":0,"20":0,"21":0,"22":0},"b":{"0":[0,0],"1":[0,0],"2":[0,0],"3":[0,0],"4":[0,0],"5":[0],"6":[0,0],"7":[0,0],"8":[0,0],"9":[0],"10":[0],"11":[0,0],"12":[0,0],"13":[0,0],"14":[0,0],"15":[0,0],"16":[0,0],"17":[0,0],"18":[0,0],"19":[0,0],"20":[0],"21":[0],"22":[0,0],"23":[0,0],"24":[0,0],"25":[0,0],"26":[0,0],"27":[0,0],"28":[0,0],"29":[0,0],"30":[0,0],"31":[0,0],"32":[0,0],"33":[0,0],"34":[0,0],"35":[0,0],"36":[0,0],"37":[0],"38":[0],"39":[0,0],"40":[0,0],"41":[0,0],"42":[0,0],"43":[0,0],"44":[0,0],"45":[0,0],"46":[0,0]},"_coverageSchema":"1a1c01bbd47fc00a2c39e90264f33305004495a9","hash":"dc6f5707b17758b322cb909c4b3212f140d08cab"}
,"D:\\Legal\\backend\\src\\controllers\\advocateController.js": {"path":"D:\\Legal\\backend\\src\\controllers\\advocateController.js","statementMap":{"0":{"start":{"line":1,"column":17},"end":{"line":1,"column":46}},"1":{"start":{"line":2,"column":13},"end":{"line":2,"column":38}},"2":{"start":{"line":5,"column":0},"end":{"line":62,"column":2}},"3":{"start":{"line":6,"column":2},"end":{"line":61,"column":3}},"4":{"start":{"line":11,"column":8},"end":{"line":11,"column":17}},"5":{"start":{"line":13,"column":19},"end":{"line":13,"column":71}},"6":{"start":{"line":15,"column":4},"end":{"line":22,"column":5}},"7":{"start":{"line":16,"column":20},"end":{"line":18,"column":22}},"8":{"start":{"line":20,"column":22},"end":{"line":20,"column":43}},"9":{"start":{"line":20,"column":37},"end":{"line":20,"column":42}},"10":{"start":{"line":21,"column":6},"end":{"line":21,"column":37}},"11":{"start":{"line":24,"column":4},"end":{"line":24,"column":64}},"12":{"start":{"line":24,"column":24},"end":{"line":24,"column":64}},"13":{"start":{"line":25,"column":4},"end":{"line":25,"column":70}},"14":{"start":{"line":25,"column":14},"end":{"line":25,"column":70}},"15":{"start":{"line":26,"column":4},"end":{"line":30,"column":5}},"16":{"start":{"line":27,"column":6},"end":{"line":27,"column":34}},"17":{"start":{"line":28,"column":6},"end":{"line":28,"column":63}},"18":{"start":{"line":28,"column":18},"end":{"line":28,"column":63}},"19":{"start":{"line":29,"column":6},"end":{"line":29,"column":63}},"20":{"start":{"line":29,"column":18},"end":{"line":29,"column":63}},"21":{"start":{"line":31,"column":4},"end":{"line":31,"column":74}},"22":{"start":{"line":31,"column":19},"end":{"line":31,"column":74}},"23":{"start":{"line":33,"column":20},"end":{"line":38,"column":5}},"24":{"start":{"line":39,"column":17},"end":{"line":39,"column":50}},"25":{"start":{"line":41,"column":17},"end":{"line":41,"column":51}},"26":{"start":{"line":42,"column":31},"end":{"line":47,"column":6}},"27":{"start":{"line":49,"column":4},"end":{"line":58,"column":7}},"28":{"start":{"line":60,"column":4},"end":{"line":60,"column":16}},"29":{"start":{"line":65,"column":0},"end":{"line":181,"column":2}},"30":{"start":{"line":66,"column":2},"end":{"line":180,"column":3}},"31":{"start":{"line":76,"column":8},"end":{"line":76,"column":17}},"32":{"start":{"line":78,"column":4},"end":{"line":83,"column":5}},"33":{"start":{"line":79,"column":6},"end":{"line":82,"column":9}},"34":{"start":{"line":85,"column":21},"end":{"line":85,"column":36}},"35":{"start":{"line":86,"column":22},"end":{"line":86,"column":37}},"36":{"start":{"line":87,"column":21},"end":{"line":87,"column":39}},"37":{"start":{"line":88,"column":23},"end":{"line":88,"column":42}},"38":{"start":{"line":89,"column":20},"end":{"line":89,"column":38}},"39":{"start":{"line":90,"column":17},"end":{"line":90,"column":43}},"40":{"start":{"line":92,"column":4},"end":{"line":97,"column":5}},"41":{"start":{"line":93,"column":6},"end":{"line":96,"column":9}},"42":{"start":{"line":99,"column":25},"end":{"line":99,"column":40}},"43":{"start":{"line":101,"column":4},"end":{"line":101,"column":109}},"44":{"start":{"line":104,"column":22},"end":{"line":120,"column":13}},"45":{"start":{"line":122,"column":20},"end":{"line":122,"column":49}},"46":{"start":{"line":123,"column":20},"end":{"line":123,"column":72}},"47":{"start":{"line":125,"column":4},"end":{"line":125,"column":95}},"48":{"start":{"line":128,"column":26},"end":{"line":128,"column":33}},"49":{"start":{"line":129,"column":4},"end":{"line":133,"column":5}},"50":{"start":{"line":130,"column":6},"end":{"line":132,"column":8}},"51":{"start":{"line":131,"column":8},"end":{"line":131,"column":75}},"52":{"start":{"line":134,"column":4},"end":{"line":139,"column":5}},"53":{"start":{"line":135,"column":27},"end":{"line":135,"column":48}},"54":{"start":{"line":136,"column":6},"end":{"line":138,"column":8}},"55":{"start":{"line":137,"column":8},"end":{"line":137,"column":43}},"56":{"start":{"line":140,"column":4},"end":{"line":145,"column":5}},"57":{"start":{"line":141,"column":24},"end":{"line":141,"column":42}},"58":{"start":{"line":142,"column":6},"end":{"line":144,"column":8}},"59":{"start":{"line":143,"column":8},"end":{"line":143,"column":40}},"60":{"start":{"line":147,"column":34},"end":{"line":165,"column":6}},"61":{"start":{"line":148,"column":31},"end":{"line":148,"column":60}},"62":{"start":{"line":150,"column":16},"end":{"line":150,"column":20}},"63":{"start":{"line":151,"column":19},"end":{"line":151,"column":43}},"64":{"start":{"line":152,"column":19},"end":{"line":152,"column":44}},"65":{"start":{"line":154,"column":8},"end":{"line":156,"column":47}},"66":{"start":{"line":157,"column":16},"end":{"line":157,"column":62}},"67":{"start":{"line":158,"column":23},"end":{"line":158,"column":28}},"68":{"start":{"line":160,"column":6},"end":{"line":164,"column":8}},"69":{"start":{"line":167,"column":4},"end":{"line":176,"column":7}},"70":{"start":{"line":178,"column":4},"end":{"line":178,"column":58}},"71":{"start":{"line":179,"column":4},"end":{"line":179,"column":16}},"72":{"start":{"line":184,"column":2},"end":{"line":184,"column":35}},"73":{"start":{"line":187,"column":0},"end":{"line":214,"column":2}},"74":{"start":{"line":188,"column":2},"end":{"line":213,"column":3}},"75":{"start":{"line":189,"column":19},"end":{"line":191,"column":13}},"76":{"start":{"line":193,"column":4},"end":{"line":198,"column":5}},"77":{"start":{"line":195,"column":6},"end":{"line":197,"column":16}},"78":{"start":{"line":200,"column":4},"end":{"line":205,"column":5}},"79":{"start":{"line":201,"column":6},"end":{"line":204,"column":9}},"80":{"start":{"line":207,"column":4},"end":{"line":210,"column":7}},"81":{"start":{"line":212,"column":4},"end":{"line":212,"column":16}},"82":{"start":{"line":216,"column":0},"end":{"line":243,"column":2}},"83":{"start":{"line":217,"column":2},"end":{"line":242,"column":3}},"84":{"start":{"line":218,"column":20},"end":{"line":218,"column":28}},"85":{"start":{"line":219,"column":4},"end":{"line":219,"column":24}},"86":{"start":{"line":220,"column":4},"end":{"line":220,"column":30}},"87":{"start":{"line":221,"column":4},"end":{"line":221,"column":38}},"88":{"start":{"line":223,"column":21},"end":{"line":227,"column":43}},"89":{"start":{"line":229,"column":4},"end":{"line":234,"column":5}},"90":{"start":{"line":230,"column":6},"end":{"line":233,"column":9}},"91":{"start":{"line":236,"column":4},"end":{"line":239,"column":7}},"92":{"start":{"line":241,"column":4},"end":{"line":241,"column":16}},"93":{"start":{"line":245,"column":0},"end":{"line":245,"column":25}},"94":{"start":{"line":247,"column":0},"end":{"line":247,"column":46}},"95":{"start":{"line":249,"column":0},"end":{"line":265,"column":2}},"96":{"start":{"line":250,"column":2},"end":{"line":264,"column":3}},"97":{"start":{"line":251,"column":28},"end":{"line":256,"column":5}},"98":{"start":{"line":258,"column":4},"end":{"line":261,"column":7}},"99":{"start":{"line":263,"column":4},"end":{"line":263,"column":16}},"100":{"start":{"line":267,"column":0},"end":{"line":278,"column":2}},"101":{"start":{"line":268,"column":2},"end":{"line":277,"column":3}},"102":{"start":{"line":269,"column":19},"end":{"line":269,"column":67}},"103":{"start":{"line":271,"column":4},"end":{"line":274,"column":7}},"104":{"start":{"line":276,"column":4},"end":{"line":276,"column":16}},"105":{"start":{"line":280,"column":0},"end":{"line":300,"column":2}},"106":{"start":{"line":281,"column":2},"end":{"line":299,"column":3}},"107":{"start":{"line":282,"column":21},"end":{"line":284,"column":13}},"108":{"start":{"line":286,"column":4},"end":{"line":291,"column":5}},"109":{"start":{"line":287,"column":6},"end":{"line":290,"column":9}},"110":{"start":{"line":293,"column":4},"end":{"line":296,"column":7}},"111":{"start":{"line":298,"column":4},"end":{"line":298,"column":16}},"112":{"start":{"line":302,"column":0},"end":{"line":331,"column":2}},"113":{"start":{"line":303,"column":2},"end":{"line":330,"column":3}},"114":{"start":{"line":304,"column":37},"end":{"line":304,"column":45}},"115":{"start":{"line":307,"column":4},"end":{"line":314,"column":5}},"116":{"start":{"line":308,"column":19},"end":{"line":308,"column":51}},"117":{"start":{"line":309,"column":6},"end":{"line":313,"column":7}},"118":{"start":{"line":310,"column":8},"end":{"line":310,"column":35}},"119":{"start":{"line":310,"column":18},"end":{"line":310,"column":35}},"120":{"start":{"line":311,"column":8},"end":{"line":311,"column":38}},"121":{"start":{"line":311,"column":19},"end":{"line":311,"column":38}},"122":{"start":{"line":312,"column":8},"end":{"line":312,"column":26}},"123":{"start":{"line":316,"column":24},"end":{"line":316,"column":54}},"124":{"start":{"line":318,"column":21},"end":{"line":322,"column":49}},"125":{"start":{"line":324,"column":4},"end":{"line":327,"column":7}},"126":{"start":{"line":329,"column":4},"end":{"line":329,"column":16}}},"fnMap":{"0":{"name":"(anonymous_0)","decl":{"start":{"line":5,"column":23},"end":{"line":5,"column":24}},"loc":{"start":{"line":5,"column":49},"end":{"line":62,"column":1}},"line":5},"1":{"name":"(anonymous_1)","decl":{"start":{"line":20,"column":32},"end":{"line":20,"column":33}},"loc":{"start":{"line":20,"column":37},"end":{"line":20,"column":42}},"line":20},"2":{"name":"(anonymous_2)","decl":{"start":{"line":65,"column":20},"end":{"line":65,"column":21}},"loc":{"start":{"line":65,"column":46},"end":{"line":181,"column":1}},"line":65},"3":{"name":"(anonymous_3)","decl":{"start":{"line":130,"column":47},"end":{"line":130,"column":48}},"loc":{"start":{"line":131,"column":8},"end":{"line":131,"column":75}},"line":131},"4":{"name":"(anonymous_4)","decl":{"start":{"line":136,"column":47},"end":{"line":136,"column":48}},"loc":{"start":{"line":137,"column":8},"end":{"line":137,"column":43}},"line":137},"5":{"name":"(anonymous_5)","decl":{"start":{"line":142,"column":47},"end":{"line":142,"column":48}},"loc":{"start":{"line":143,"column":8},"end":{"line":143,"column":40}},"line":143},"6":{"name":"(anonymous_6)","decl":{"start":{"line":147,"column":54},"end":{"line":147,"column":55}},"loc":{"start":{"line":147,"column":66},"end":{"line":165,"column":5}},"line":147},"7":{"name":"toRad","decl":{"start":{"line":183,"column":9},"end":{"line":183,"column":14}},"loc":{"start":{"line":183,"column":24},"end":{"line":185,"column":1}},"line":183},"8":{"name":"(anonymous_8)","decl":{"start":{"line":187,"column":26},"end":{"line":187,"column":27}},"loc":{"start":{"line":187,"column":52},"end":{"line":214,"column":1}},"line":187},"9":{"name":"(anonymous_9)","decl":{"start":{"line":216,"column":24},"end":{"line":216,"column":25}},"loc":{"start":{"line":216,"column":50},"end":{"line":243,"column":1}},"line":216},"10":{"name":"(anonymous_10)","decl":{"start":{"line":249,"column":29},"end":{"line":249,"column":30}},"loc":{"start":{"line":249,"column":55},"end":{"line":265,"column":1}},"line":249},"11":{"name":"(anonymous_11)","decl":{"start":{"line":267,"column":20},"end":{"line":267,"column":21}},"loc":{"start":{"line":267,"column":46},"end":{"line":278,"column":1}},"line":267},"12":{"name":"(anonymous_12)","decl":{"start":{"line":280,"column":23},"end":{"line":280,"column":24}},"loc":{"start":{"line":280,"column":49},"end":{"line":300,"column":1}},"line":280},"13":{"name":"(anonymous_13)","decl":{"start":{"line":302,"column":24},"end":{"line":302,"column":25}},"loc":{"start":{"line":302,"column":50},"end":{"line":331,"column":1}},"line":302}},"branchMap":{"0":{"loc":{"start":{"line":8,"column":6},"end":{"line":8,"column":14}},"type":"default-arg","locations":[{"start":{"line":8,"column":13},"end":{"line":8,"column":14}}],"line":8},"1":{"loc":{"start":{"line":8,"column":16},"end":{"line":8,"column":26}},"type":"default-arg","locations":[{"start":{"line":8,"column":24},"end":{"line":8,"column":26}}],"line":8},"2":{"loc":{"start":{"line":9,"column":33},"end":{"line":9,"column":50}},"type":"default-arg","locations":[{"start":{"line":9,"column":42},"end":{"line":9,"column":50}}],"line":9},"3":{"loc":{"start":{"line":15,"column":4},"end":{"line":22,"column":5}},"type":"if","locations":[{"start":{"line":15,"column":4},"end":{"line":22,"column":5}},{"start":{},"end":{}}],"line":15},"4":{"loc":{"start":{"line":24,"column":4},"end":{"line":24,"column":64}},"type":"if","locations":[{"start":{"line":24,"column":4},"end":{"line":24,"column":64}},{"start":{},"end":{}}],"line":24},"5":{"loc":{"start":{"line":25,"column":4},"end":{"line":25,"column":70}},"type":"if","locations":[{"start":{"line":25,"column":4},"end":{"line":25,"column":70}},{"start":{},"end":{}}],"line":25},"6":{"loc":{"start":{"line":26,"column":4},"end":{"line":30,"column":5}},"type":"if","locations":[{"start":{"line":26,"column":4},"end":{"line":30,"column":5}},{"start":{},"end":{}}],"line":26},"7":{"loc":{"start":{"line":26,"column":8},"end":{"line":26,"column":24}},"type":"binary-expr","locations":[{"start":{"line":26,"column":8},"end":{"line":26,"column":14}},{"start":{"line":26,"column":18},"end":{"line":26,"column":24}}],"line":26},"8":{"loc":{"start":{"line":28,"column":6},"end":{"line":28,"column":63}},"type":"if","locations":[{"start":{"line":28,"column":6},"end":{"line":28,"column":63}},{"start":{},"end":{}}],"line":28},"9":{"loc":{"start":{"line":29,"column":6},"end":{"line":29,"column":63}},"type":"if","locations":[{"start":{"line":29,"column":6},"end":{"line":29,"column":63}},{"start":{},"end":{}}],"line":29},"10":{"loc":{"start":{"line":31,"column":4},"end":{"line":31,"column":74}},"type":"if","locations":[{"start":{"line":31,"column":4},"end":{"line":31,"column":74}},{"start":{},"end":{}}],"line":31},"11":{"loc":{"start":{"line":39,"column":17},"end":{"line":39,"column":50}},"type":"binary-expr","locations":[{"start":{"line":39,"column":17},"end":{"line":39,"column":32}},{"start":{"line":39,"column":36},"end":{"line":39,"column":50}}],"line":39},"12":{"loc":{"start":{"line":70,"column":6},"end":{"line":70,"column":17}},"type":"default-arg","locations":[{"start":{"line":70,"column":15},"end":{"line":70,"column":17}}],"line":70},"13":{"loc":{"start":{"line":71,"column":6},"end":{"line":71,"column":16}},"type":"default-arg","locations":[{"start":{"line":71,"column":14},"end":{"line":71,"column":16}}],"line":71},"14":{"loc":{"start":{"line":72,"column":6},"end":{"line":72,"column":14}},"type":"default-arg","locations":[{"start":{"line":72,"column":13},"end":{"line":72,"column":14}}],"line":72},"15":{"loc":{"start":{"line":78,"column":4},"end":{"line":83,"column":5}},"type":"if","locations":[{"start":{"line":78,"column":4},"end":{"line":83,"column":5}},{"start":{},"end":{}}],"line":78},"16":{"loc":{"start":{"line":78,"column":8},"end":{"line":78,"column":20}},"type":"binary-expr","locations":[{"start":{"line":78,"column":8},"end":{"line":78,"column":12}},{"start":{"line":78,"column":16},"end":{"line":78,"column":20}}],"line":78},"17":{"loc":{"start":{"line":92,"column":4},"end":{"line":97,"column":5}},"type":"if","locations":[{"start":{"line":92,"column":4},"end":{"line":97,"column":5}},{"start":{},"end":{}}],"line":92},"18":{"loc":{"start":{"line":92,"column":8},"end":{"line":92,"column":117}},"type":"binary-expr","locations":[{"start":{"line":92,"column":8},"end":{"line":92,"column":23}},{"start":{"line":92,"column":27},"end":{"line":92,"column":43}},{"start":{"line":92,"column":47},"end":{"line":92,"column":61}},{"start":{"line":92,"column":65},"end":{"line":92,"column":78}},{"start":{"line":92,"column":82},"end":{"line":92,"column":98}},{"start":{"line":92,"column":102},"end":{"line":92,"column":117}}],"line":92},"19":{"loc":{"start":{"line":123,"column":20},"end":{"line":123,"column":72}},"type":"cond-expr","locations":[{"start":{"line":123,"column":30},"end":{"line":123,"column":60}},{"start":{"line":123,"column":63},"end":{"line":123,"column":72}}],"line":123},"20":{"loc":{"start":{"line":129,"column":4},"end":{"line":133,"column":5}},"type":"if","locations":[{"start":{"line":129,"column":4},"end":{"line":133,"column":5}},{"start":{},"end":{}}],"line":129},"21":{"loc":{"start":{"line":131,"column":8},"end":{"line":131,"column":75}},"type":"binary-expr","locations":[{"start":{"line":131,"column":8},"end":{"line":131,"column":27}},{"start":{"line":131,"column":31},"end":{"line":131,"column":75}}],"line":131},"22":{"loc":{"start":{"line":134,"column":4},"end":{"line":139,"column":5}},"type":"if","locations":[{"start":{"line":134,"column":4},"end":{"line":139,"column":5}},{"start":{},"end":{}}],"line":134},"23":{"loc":{"start":{"line":140,"column":4},"end":{"line":145,"column":5}},"type":"if","locations":[{"start":{"line":140,"column":4},"end":{"line":145,"column":5}},{"start":{},"end":{}}],"line":140},"24":{"loc":{"start":{"line":193,"column":4},"end":{"line":198,"column":5}},"type":"if","locations":[{"start":{"line":193,"column":4},"end":{"line":198,"column":5}},{"start":{},"end":{}}],"line":193},"25":{"loc":{"start":{"line":200,"column":4},"end":{"line":205,"column":5}},"type":"if","locations":[{"start":{"line":200,"column":4},"end":{"line":205,"column":5}},{"start":{},"end":{}}],"line":200},"26":{"loc":{"start":{"line":229,"column":4},"end":{"line":234,"column":5}},"type":"if","locations":[{"start":{"line":229,"column":4},"end":{"line":234,"column":5}},{"start":{},"end":{}}],"line":229},"27":{"loc":{"start":{"line":286,"column":4},"end":{"line":291,"column":5}},"type":"if","locations":[{"start":{"line":286,"column":4},"end":{"line":291,"column":5}},{"start":{},"end":{}}],"line":286},"28":{"loc":{"start":{"line":307,"column":4},"end":{"line":314,"column":5}},"type":"if","locations":[{"start":{"line":307,"column":4},"end":{"line":314,"column":5}},{"start":{},"end":{}}],"line":307},"29":{"loc":{"start":{"line":307,"column":8},"end":{"line":307,"column":21}},"type":"binary-expr","locations":[{"start":{"line":307,"column":8},"end":{"line":307,"column":12}},{"start":{"line":307,"column":16},"end":{"line":307,"column":21}}],"line":307},"30":{"loc":{"start":{"line":309,"column":6},"end":{"line":313,"column":7}},"type":"if","locations":[{"start":{"line":309,"column":6},"end":{"line":313,"column":7}},{"start":{},"end":{}}],"line":309},"31":{"loc":{"start":{"line":310,"column":8},"end":{"line":310,"column":35}},"type":"if","locations":[{"start":{"line":310,"column":8},"end":{"line":310,"column":35}},{"start":{},"end":{}}],"line":310},"32":{"loc":{"start":{"line":311,"column":8},"end":{"line":311,"column":38}},"type":"if","locations":[{"start":{"line":311,"column":8},"end":{"line":311,"column":38}},{"start":{},"end":{}}],"line":311}},"s":{"0":1,"1":1,"2":1,"3":0,"4":0,"5":0,"6":0,"7":0,"8":0,"9":0,"10":0,"11":0,"12":0,"13":0,"14":0,"15":0,"16":0,"17":0,"18":0,"19":0,"20":0,"21":0,"22":0,"23":0,"24":0,"25":0,"26":0,"27":0,"28":0,"29":1,"30":0,"31":0,"32":0,"33":0,"34":0,"35":0,"36":0,"37":0,"38":0,"39":0,"40":0,"41":0,"42":0,"43":0,"44":0,"45":0,"46":0,"47":0,"48":0,"49":0,"50":0,"51":0,"52":0,"53":0,"54":0,"55":0,"56":0,"57":0,"58":0,"59":0,"60":0,"61":0,"62":0,"63":0,"64":0,"65":0,"66":0,"67":0,"68":0,"69":0,"70":0,"71":0,"72":0,"73":1,"74":0,"75":0,"76":0,"77":0,"78":0,"79":0,"80":0,"81":0,"82":1,"83":0,"84":0,"85":0,"86":0,"87":0,"88":0,"89":0,"90":0,"91":0,"92":0,"93":1,"94":1,"95":1,"96":1,"97":1,"98":1,"99":0,"100":1,"101":0,"102":0,"103":0,"104":0,"105":1,"106":0,"107":0,"108":0,"109":0,"110":0,"111":0,"112":1,"113":0,"114":0,"115":0,"116":0,"117":0,"118":0,"119":0,"120":0,"121":0,"122":0,"123":0,"124":0,"125":0,"126":0},"f":{"0":0,"1":0,"2":0,"3":0,"4":0,"5":0,"6":0,"7":0,"8":0,"9":0,"10":1,"11":0,"12":0,"13":0},"b":{"0":[0],"1":[0],"2":[0],"3":[0,0],"4":[0,0],"5":[0,0],"6":[0,0],"7":[0,0],"8":[0,0],"9":[0,0],"10":[0,0],"11":[0,0],"12":[0],"13":[0],"14":[0],"15":[0,0],"16":[0,0],"17":[0,0],"18":[0,0,0,0,0,0],"19":[0,0],"20":[0,0],"21":[0,0],"22":[0,0],"23":[0,0],"24":[0,0],"25":[0,0],"26":[0,0],"27":[0,0],"28":[0,0],"29":[0,0],"30":[0,0],"31":[0,0],"32":[0,0]},"_coverageSchema":"1a1c01bbd47fc00a2c39e90264f33305004495a9","hash":"c283b71e6838800415ac0b87b109c6a7167ef758"}
,"D:\\Legal\\backend\\src\\controllers\\advocateDashboardController.js": {"path":"D:\\Legal\\backend\\src\\controllers\\advocateDashboardController.js","statementMap":{"0":{"start":{"line":1,"column":17},"end":{"line":1,"column":36}},"1":{"start":{"line":2,"column":16},"end":{"line":2,"column":44}},"2":{"start":{"line":3,"column":17},"end":{"line":3,"column":46}},"3":{"start":{"line":4,"column":26},"end":{"line":4,"column":51}},"4":{"start":{"line":5,"column":15},"end":{"line":5,"column":42}},"5":{"start":{"line":7,"column":0},"end":{"line":176,"column":2}},"6":{"start":{"line":8,"column":2},"end":{"line":175,"column":3}},"7":{"start":{"line":10,"column":21},"end":{"line":10,"column":84}},"8":{"start":{"line":11,"column":4},"end":{"line":16,"column":5}},"9":{"start":{"line":12,"column":6},"end":{"line":15,"column":9}},"10":{"start":{"line":18,"column":23},"end":{"line":18,"column":35}},"11":{"start":{"line":19,"column":19},"end":{"line":19,"column":31}},"12":{"start":{"line":22,"column":16},"end":{"line":22,"column":26}},"13":{"start":{"line":23,"column":25},"end":{"line":23,"column":83}},"14":{"start":{"line":24,"column":23},"end":{"line":24,"column":98}},"15":{"start":{"line":27,"column":24},"end":{"line":27,"column":46}},"16":{"start":{"line":28,"column":4},"end":{"line":28,"column":70}},"17":{"start":{"line":31,"column":25},"end":{"line":31,"column":71}},"18":{"start":{"line":34,"column":30},"end":{"line":48,"column":11}},"19":{"start":{"line":51,"column":26},"end":{"line":51,"column":81}},"20":{"start":{"line":52,"column":20},"end":{"line":52,"column":49}},"21":{"start":{"line":52,"column":43},"end":{"line":52,"column":48}},"22":{"start":{"line":54,"column":33},"end":{"line":58,"column":6}},"23":{"start":{"line":61,"column":26},"end":{"line":65,"column":13}},"24":{"start":{"line":68,"column":30},"end":{"line":72,"column":36}},"25":{"start":{"line":74,"column":24},"end":{"line":74,"column":25}},"26":{"start":{"line":75,"column":25},"end":{"line":75,"column":26}},"27":{"start":{"line":76,"column":26},"end":{"line":76,"column":27}},"28":{"start":{"line":78,"column":4},"end":{"line":91,"column":7}},"29":{"start":{"line":79,"column":20},"end":{"line":79,"column":42}},"30":{"start":{"line":80,"column":21},"end":{"line":80,"column":49}},"31":{"start":{"line":82,"column":6},"end":{"line":84,"column":7}},"32":{"start":{"line":83,"column":8},"end":{"line":83,"column":32}},"33":{"start":{"line":85,"column":6},"end":{"line":87,"column":7}},"34":{"start":{"line":86,"column":8},"end":{"line":86,"column":33}},"35":{"start":{"line":88,"column":6},"end":{"line":90,"column":7}},"36":{"start":{"line":89,"column":8},"end":{"line":89,"column":34}},"37":{"start":{"line":94,"column":21},"end":{"line":94,"column":22}},"38":{"start":{"line":95,"column":4},"end":{"line":95,"column":52}},"39":{"start":{"line":95,"column":35},"end":{"line":95,"column":52}},"40":{"start":{"line":96,"column":4},"end":{"line":96,"column":46}},"41":{"start":{"line":96,"column":29},"end":{"line":96,"column":46}},"42":{"start":{"line":97,"column":4},"end":{"line":97,"column":55}},"43":{"start":{"line":97,"column":38},"end":{"line":97,"column":55}},"44":{"start":{"line":98,"column":4},"end":{"line":98,"column":71}},"45":{"start":{"line":98,"column":54},"end":{"line":98,"column":71}},"46":{"start":{"line":99,"column":4},"end":{"line":99,"column":90}},"47":{"start":{"line":99,"column":73},"end":{"line":99,"column":90}},"48":{"start":{"line":100,"column":4},"end":{"line":100,"column":64}},"49":{"start":{"line":100,"column":47},"end":{"line":100,"column":64}},"50":{"start":{"line":103,"column":22},"end":{"line":103,"column":24}},"51":{"start":{"line":104,"column":22},"end":{"line":104,"column":24}},"52":{"start":{"line":105,"column":26},"end":{"line":105,"column":28}},"53":{"start":{"line":107,"column":4},"end":{"line":123,"column":5}},"54":{"start":{"line":107,"column":17},"end":{"line":107,"column":18}},"55":{"start":{"line":108,"column":16},"end":{"line":108,"column":26}},"56":{"start":{"line":109,"column":6},"end":{"line":109,"column":33}},"57":{"start":{"line":110,"column":22},"end":{"line":110,"column":73}},"58":{"start":{"line":111,"column":6},"end":{"line":111,"column":30}},"59":{"start":{"line":113,"column":21},"end":{"line":113,"column":73}},"60":{"start":{"line":114,"column":19},"end":{"line":114,"column":88}},"61":{"start":{"line":116,"column":23},"end":{"line":116,"column":95}},"62":{"start":{"line":116,"column":53},"end":{"line":116,"column":87}},"63":{"start":{"line":117,"column":22},"end":{"line":119,"column":62}},"64":{"start":{"line":118,"column":21},"end":{"line":118,"column":55}},"65":{"start":{"line":119,"column":28},"end":{"line":119,"column":58}},"66":{"start":{"line":121,"column":6},"end":{"line":121,"column":31}},"67":{"start":{"line":122,"column":6},"end":{"line":122,"column":34}},"68":{"start":{"line":126,"column":24},"end":{"line":126,"column":26}},"69":{"start":{"line":127,"column":33},"end":{"line":127,"column":35}},"70":{"start":{"line":129,"column":4},"end":{"line":145,"column":5}},"71":{"start":{"line":129,"column":17},"end":{"line":129,"column":18}},"72":{"start":{"line":130,"column":16},"end":{"line":130,"column":26}},"73":{"start":{"line":132,"column":6},"end":{"line":132,"column":19}},"74":{"start":{"line":133,"column":6},"end":{"line":133,"column":35}},"75":{"start":{"line":134,"column":24},"end":{"line":134,"column":73}},"76":{"start":{"line":135,"column":6},"end":{"line":135,"column":34}},"77":{"start":{"line":137,"column":21},"end":{"line":137,"column":63}},"78":{"start":{"line":138,"column":19},"end":{"line":138,"column":82}},"79":{"start":{"line":140,"column":24},"end":{"line":142,"column":62}},"80":{"start":{"line":141,"column":21},"end":{"line":141,"column":55}},"81":{"start":{"line":142,"column":28},"end":{"line":142,"column":58}},"82":{"start":{"line":144,"column":6},"end":{"line":144,"column":43}},"83":{"start":{"line":147,"column":4},"end":{"line":167,"column":7}},"84":{"start":{"line":170,"column":4},"end":{"line":174,"column":7}}},"fnMap":{"0":{"name":"(anonymous_0)","decl":{"start":{"line":7,"column":28},"end":{"line":7,"column":29}},"loc":{"sta
[...]
start":{"line":3,"column":15},"end":{"line":3,"column":16}},"loc":{"start":{"line":3,"column":51},"end":{"line":87,"column":1}},"line":3},"1":{"name":"(anonymous_1)","decl":{"start":{"line":15,"column":33},"end":{"line":15,"column":34}},"loc":{"start":{"line":15,"column":39},"end":{"line":18,"column":11}},"line":15},"2":{"name":"(anonymous_2)","decl":{"start":{"line":40,"column":49},"end":{"line":40,"column":50}},"loc":{"start":{"line":40,"column":57},"end":{"line":40,"column":75}},"line":40},"3":{"name":"(anonymous_3)","decl":{"start":{"line":73,"column":33},"end":{"line":73,"column":34}},"loc":{"start":{"line":73,"column":39},"end":{"line":76,"column":11}},"line":73}},"branchMap":{"0":{"loc":{"start":{"line":3,"column":32},"end":{"line":3,"column":46}},"type":"default-arg","locations":[{"start":{"line":3,"column":42},"end":{"line":3,"column":46}}],"line":3},"1":{"loc":{"start":{"line":5,"column":2},"end":{"line":64,"column":3}},"type":"if","locations":[{"start":{"line":5,"column":2},"end":{"line":64,"column":3}},{"start":{},"end":{}}],"line":5},"2":{"loc":{"start":{"line":16,"column":18},"end":{"line":16,"column":105}},"type":"cond-expr","locations":[{"start":{"line":16,"column":85},"end":{"line":16,"column":96}},{"start":{"line":16,"column":99},"end":{"line":16,"column":105}}],"line":16},"3":{"loc":{"start":{"line":16,"column":18},"end":{"line":16,"column":82}},"type":"binary-expr","locations":[{"start":{"line":16,"column":18},"end":{"line":16,"column":40}},{"start":{"line":16,"column":44},"end":{"line":16,"column":60}},{"start":{"line":16,"column":64},"end":{"line":16,"column":82}}],"line":16},"4":{"loc":{"start":{"line":25,"column":6},"end":{"line":28,"column":7}},"type":"if","locations":[{"start":{"line":25,"column":6},"end":{"line":28,"column":7}},{"start":{},"end":{}}],"line":25},"5":{"loc":{"start":{"line":27,"column":24},"end":{"line":27,"column":59}},"type":"binary-expr","locations":[{"start":{"line":27,"column":24},"end":{"line":27,"column":42}},{"start":{"line":27,"column":46},"end":{"line":27,"column":59}}],"line":27},"6":{"loc":{"start":{"line":30,"column":6},"end":{"line":62,"column":7}},"type":"if","locations":[{"start":{"line":30,"column":6},"end":{"line":62,"column":7}},{"start":{"line":59,"column":13},"end":{"line":62,"column":7}}],"line":30},"7":{"loc":{"start":{"line":37,"column":10},"end":{"line":37,"column":26}},"type":"if","locations":[{"start":{"line":37,"column":10},"end":{"line":37,"column":26}},{"start":{},"end":{}}],"line":37},"8":{"loc":{"start":{"line":44,"column":12},"end":{"line":44,"column":44}},"type":"if","locations":[{"start":{"line":44,"column":12},"end":{"line":44,"column":44}},{"start":{},"end":{}}],"line":44},"9":{"loc":{"start":{"line":48,"column":30},"end":{"line":48,"column":68}},"type":"binary-expr","locations":[{"start":{"line":48,"column":30},"end":{"line":48,"column":62}},{"start":{"line":48,"column":66},"end":{"line":48,"column":68}}],"line":48},"10":{"loc":{"start":{"line":49,"column":14},"end":{"line":52,"column":15}},"type":"if","locations":[{"start":{"line":49,"column":14},"end":{"line":52,"column":15}},{"start":{},"end":{}}],"line":49},"11":{"loc":{"start":{"line":67,"column":2},"end":{"line":84,"column":3}},"type":"if","locations":[{"start":{"line":67,"column":2},"end":{"line":84,"column":3}},{"start":{},"end":{}}],"line":67},"12":{"loc":{"start":{"line":74,"column":18},"end":{"line":74,"column":59}},"type":"cond-expr","locations":[{"start":{"line":74,"column":43},"end":{"line":74,"column":50}},{"start":{"line":74,"column":53},"end":{"line":74,"column":59}}],"line":74},"13":{"loc":{"start":{"line":81,"column":6},"end":{"line":81,"column":66}},"type":"if","locations":[{"start":{"line":81,"column":6},"end":{"line":81,"column":66}},{"start":{},"end":{}}],"line":81}},"s":{"0":1,"1":1,"2":0,"3":0,"4":0,"5":0,"6":0,"7":0,"8":0,"9":0,"10":0,"11":0,"12":0,"13":0,"14":0,"15":0,"16":0,"17":0,"18":0,"19":0,"20":0,"21":0,"22":0,"23":0,"24":0,"25":0,"26":0,"27":0,"28":0,"29":0,"30":0,"31":0,"32":0,"33":0,"34":0,"35":0,"36":0,"37":0,"38":0,"39":0,"40":0,"41":0,"42":0,"43":0,"44":1},"f":{"0":0,"1":0,"2":0,"3":0},"b":{"0":[0],"1":[0,0],"2":[0,0],"3":[0,0,0],"4":[0,0],"5":[0,0],"6":[0,0],"7":[0,0],"8":[0,0],"9":[0,0],"10":[0,0],"11":[0,0],"12":[0,0],"13":[0,0]},"_coverageSchema":"1a1c01bbd47fc00a2c39e90264f33305004495a9","hash":"02a7e3a673604e523eb276cf10deb39b8e40b496"}
,"D:\\Legal\\backend\\src\\services\\cloudinaryService.js": {"path":"D:\\Legal\\backend\\src\\services\\cloudinaryService.js","statementMap":{"0":{"start":{"line":1,"column":19},"end":{"line":1,"column":43}},"1":{"start":{"line":2,"column":30},"end":{"line":2,"column":66}},"2":{"start":{"line":3,"column":15},"end":{"line":3,"column":32}},"3":{"start":{"line":5,"column":0},"end":{"line":9,"column":3}},"4":{"start":{"line":11,"column":16},"end":{"line":18,"column":2}},"5":{"start":{"line":20,"column":21},"end":{"line":20,"column":49}},"6":{"start":{"line":22,"column":0},"end":{"line":22,"column":46}}},"fnMap":{},"branchMap":{},"s":{"0":1,"1":1,"2":1,"3":1,"4":1,"5":1,"6":1},"f":{},"b":{},"_coverageSchema":"1a1c01bbd47fc00a2c39e90264f33305004495a9","hash":"4b7a44e13cf3e30c29c3e4c35d9e6e750177b7ac"}
,"D:\\Legal\\backend\\src\\services\\otp.js": {"path":"D:\\Legal\\backend\\src\\services\\otp.js","statementMap":{"0":{"start":{"line":1,"column":15},"end":{"line":1,"column":41}},"1":{"start":{"line":4,"column":17},"end":{"line":4,"column":26}},"2":{"start":{"line":6,"column":20},"end":{"line":6,"column":76}},"3":{"start":{"line":6,"column":26},"end":{"line":6,"column":76}},"4":{"start":{"line":10,"column":18},"end":{"line":37,"column":1}},"5":{"start":{"line":12,"column":2},"end":{"line":23,"column":3}},"6":{"start":{"line":13,"column":23},"end":{"line":13,"column":44}},"7":{"start":{"line":14,"column":24},"end":{"line":19,"column":6}},"8":{"start":{"line":20,"column":17},"end":{"line":20,"column":78}},"9":{"start":{"line":21,"column":17},"end":{"line":21,"column":78}},"10":{"start":{"line":22,"column":4},"end":{"line":22,"column":52}},"11":{"start":{"line":26,"column":2},"end":{"line":33,"column":3}},"12":{"start":{"line":27,"column":23},"end":{"line":27,"column":40}},"13":{"start":{"line":28,"column":19},"end":{"line":28,"column":57}},"14":{"start":{"line":29,"column":17},"end":{"line":29,"column":78}},"15":{"start":{"line":30,"column":19},"end":{"line":30,"column":78}},"16":{"start":{"line":31,"column":4},"end":{"line":31,"column":60}},"17":{"start":{"line":31,"column":22},"end":{"line":31,"column":60}},"18":{"start":{"line":32,"column":4},"end":{"line":32,"column":55}},"19":{"start":{"line":36,"column":2},"end":{"line":36,"column":77}},"20":{"start":{"line":42,"column":0},"end":{"line":78,"column":2}},"21":{"start":{"line":43,"column":14},"end":{"line":43,"column":27}},"22":{"start":{"line":44,"column":20},"end":{"line":44,"column":47}},"23":{"start":{"line":46,"column":26},"end":{"line":46,"column":52}},"24":{"start":{"line":47,"column":2},"end":{"line":47,"column":65}},"25":{"start":{"line":49,"column":15},"end":{"line":58,"column":3}},"26":{"start":{"line":60,"column":2},"end":{"line":77,"column":3}},"27":{"start":{"line":61,"column":19},"end":{"line":66,"column":6}},"28":{"start":{"line":67,"column":4},"end":{"line":67,"column":73}},"29":{"start":{"line":68,"column":4},"end":{"line":68,"column":46}},"30":{"start":{"line":70,"column":4},"end":{"line":70,"column":77}},"31":{"start":{"line":72,"column":4},"end":{"line":75,"column":5}},"32":{"start":{"line":73,"column":6},"end":{"line":73,"column":71}},"33":{"start":{"line":74,"column":6},"end":{"line":74,"column":55}},"34":{"start":{"line":76,"column":4},"end":{"line":76,"column":14}},"35":{"start":{"line":83,"column":0},"end":{"line":118,"column":2}},"36":{"start":{"line":84,"column":14},"end":{"line":84,"column":40}},"37":{"start":{"line":87,"column":2},"end":{"line":96,"column":3}},"38":{"start":{"line":94,"column":4},"end":{"line":94,"column":67}},"39":{"start":{"line":95,"column":4},"end":{"line":95,"column":29}},"40":{"start":{"line":98,"column":17},"end":{"line":98,"column":34}},"41":{"start":{"line":99,"column":2},"end":{"line":99,"column":78}},"42":{"start":{"line":99,"column":15},"end":{"line":99,"column":78}},"43":{"start":{"line":101,"column":2},"end":{"line":104,"column":3}},"44":{"start":{"line":102,"column":4},"end":{"line":102,"column":25}},"45":{"start":{"line":103,"column":4},"end":{"line":103,"column":58}},"46":{"start":{"line":106,"column":2},"end":{"line":106,"column":23}},"47":{"start":{"line":107,"column":2},"end":{"line":110,"column":3}},"48":{"start":{"line":108,"column":4},"end":{"line":108,"column":25}},"49":{"start":{"line":109,"column":4},"end":{"line":109,"column":87}},"50":{"start":{"line":112,"column":2},"end":{"line":114,"column":3}},"51":{"start":{"line":113,"column":4},"end":{"line":113,"column":56}},"52":{"start":{"line":116,"column":2},"end":{"line":116,"column":23}},"53":{"start":{"line":117,"column":2},"end":{"line":117,"column":27}}},"fnMap":{"0":{"name":"(anonymous_0)","decl":{"start":{"line":6,"column":20},"end":{"line":6,"column":21}},"loc":{"start":{"line":6,"column":26},"end":{"line":6,"column":76}},"line":6},"1":{"name":"(anonymous_1)","decl":{"start":{"line":10,"column":18},"end":{"line":10,"column":19}},"loc":{"start":{"line":10,"column":57},"end":{"line":37,"column":1}},"line":10},"2":{"name":"(anonymous_2)","decl":{"start":{"line":42,"column":18},"end":{"line":42,"column":19}},"loc":{"start":{"line":42,"column":35},"end":{"line":78,"column":1}},"line":42},"3":{"name":"(anonymous_3)","decl":{"start":{"line":83,"column":20},"end":{"line":83,"column":21}},"loc":{"start":{"line":83,"column":43},"end":{"line":118,"column":1}},"line":83}},"branchMap":{"0":{"loc":{"start":{"line":12,"column":2},"end":{"line":23,"column":3}},"type":"if","locations":[{"start":{"line":12,"column":2},"end":{"line":23,"column":3}},{"start":{},"end":{}}],"line":12},"1":{"loc":{"start":{"line":12,"column":6},"end":{"line":12,"column":77}},"type":"binary-expr","locations":[{"start":{"line":12,"column":6},"end":{"line":12,"column":27}},{"start":{"line":12,"column":31},"end":{"line":12,"column":52}},{"start":{"line":12,"column":56},"end":{"line":12,"column":77}}],"line":12},"2":{"loc":{"start":{"line":16,"column":21},"end":{"line":16,"column":51}},"type":"binary-expr","locations":[{"start":{"line":16,"column":21},"end":{"line":16,"column":42}},{"start":{"line":16,"column":46},"end":{"line":16,"column":51}}],"line":16},"3":{"loc":{"start":{"line":20,"column":17},"end":{"line":20,"column":78}},"type":"binary-expr","locations":[{"start":{"line":20,"column":17},"end":{"line":20,"column":38}},{"start":{"line":20,"column":42},"end":{"line":20,"column":78}}],"line":20},"4":{"loc":{"start":{"line":26,"column":2},"end":{"line":33,"column":3}},"type":"if","locations":[{"start":{"line":26,"column":2},"end":{"line":33,"column":3}},{"start":{},"end":{}}],"line":26},"5":{"loc":{"start":{"line":29,"column":17},"end":{"line":29,"column":78}},"type":"binary-expr","locations":[{"start":{"line":29,"column":17},"end":{"line":29,"column":40}},{"start":{"line":29,"column":44},"end":{"line":29,"column":78}}],"line":29},"6":{"loc":{"start":{"line":31,"column":4},"end":{"line":31,"column":60}},"type":"if","locations":[{"start":{"line":31,"column":4},"end":{"line":31,"column":60}},{"start":{},"end":{}}],"line":31},"7":{"loc":{"start":{"line":72,"column":4},"end":{"line":75,"column":5}},"type":"if","locations":[{"start":{"line":72,"column":4},"end":{"line":75,"column":5}},{"start":{},"end":{}}],"line":72},"8":{"loc":{"start":{"line":87,"column":2},"end":{"line":96,"column":3}},"type":"if","locations":[{"start":{"line":87,"column":2},"end":{"line":96,"column":3}},{"start":{},"end":{}}],"line":87},"9":{"loc":{"start":{"line":88,"column":4},"end":{"line":92,"column":26}},"type":"binary-expr","locations":[{"start":{"line":88,"column":4},"end":{"line":88,"column":33}},{"start":{"line":89,"column":5},"end":{"line":89,"column":42}},{"start":{"line":90,"column":5},"end":{"line":90,"column":34}},{"start":{"line":91,"column":5},"end":{"line":91,"column":35}},{"start":{"line":92,"column":5},"end":{"line":92,"column":25}}],"line":88},"10":{"loc":{"start":{"line":99,"column":2},"end":{"line":99,"column":78}},"type":"if","locations":[{"start":{"line":99,"column":2},"end":{"line":99,"column":78}},{"start":{},"end":{}}],"line":99},"11":{"loc":{"start":{"line":101,"column":2},"end":{"line":104,"column":3}},"type":"if","locations":[{"start":{"line":101,"column":2},"end":{"line":104,"column":3}},{"start":{},"end":{}}],"line":101},"12":{"loc":{"start":{"line":107,"column":2},"end":{"line":110,"column":3}},"type":"if","locations":[{"start":{"line":107,"column":2},"end":{"line":110,"column":3}},{"start":{},"end":{}}],"line":107},"13":{"loc":{"start":{"line":112,"column":2},"end":{"line":114,"column":3}},"type":"if","locations":[{"start":{"line":112,"column":2},"end":{"line":114,"column":3}},{"start":{},"end":{}}],"line":112}},"s":{"0":1,"1":1,"2":1,"3":0,"4":1,"5":0,"6":0,"7":0,"8":0,"9":0,"10":0,"11":0,"12":0,"13":0,"14":0,"15":0,"16":0,"17":0,"18":0,"19":0,"20":1,"21":0,"22":0,"23":0,"24":0,"25":0,"26":0,"27":0,"28":0,"29":0,"30":0,"31":0,"32":0,"33":0,"34":0,"35":1,"36":0,"37":0,"38":0,"39":0,"40":0,"41":0,"42":0,"43":0,"44":0,"45":0,"46":0,"47":0,"48":0,"49":0,"50":0,"51":0,"52":0,"53":0},"f":{"0":0,"1":0,"2":0,"3":0},"b":{"0":[0,0],"1":[0,0,0],"2":[0,0],"3":[0,0],"4":[0,0],"5":[0,0],"6":[0,0],"7":[0,0],"8":[0,0],"9":[0,0,0,0,0],"10":[0,0],"11":[0,0],"12":[0,0],"13":[0,0]},"_coverageSchema":"1a1c01bbd47fc00a2c39e90264f33305004495a9","hash":"0c8083a1ef9622ccf07841055b36f4244d2206e5"}
,"D:\\Legal\\backend\\src\\services\\razorpay.js": {"path":"D:\\Legal\\backend\\src\\services\\razorpay.js","statementMap":{"0":{"start":{"line":1,"column":17},"end":{"line":1,"column":36}},"1":{"start":{"line":2,"column":15},"end":{"line":2,"column":41}},"2":{"start":{"line":6,"column":20},"end":{"line":14,"column":1}},"3":{"start":{"line":7,"column":2},"end":{"line":12,"column":3}},"4":{"start":{"line":8,"column":4},"end":{"line":11,"column":7}},"5":{"start":{"line":13,"column":2},"end":{"line":13,"column":18}},"6":{"start":{"line":16,"column":0},"end":{"line":28,"column":2}},"7":{"start":{"line":17,"column":2},"end":{"line":27,"column":3}},"8":{"start":{"line":18,"column":18},"end":{"line":22,"column":6}},"9":{"start":{"line":23,"column":4},"end":{"line":23,"column":17}},"10":{"start":{"line":25,"column":4},"end":{"line":25,"column":61}},"11":{"start":{"line":26,"column":4},"end":{"line":26,"column":14}},"12":{"start":{"line":30,"column":0},"end":{"line":32,"column":2}},"13":{"start":{"line":31,"column":2},"end":{"line":31,"column":49}}},"fnMap":{"0":{"name":"(anonymous_0)","decl":{"start":{"line":6,"column":20},"end":{"line":6,"column":21}},"loc":{"start":{"line":6,"column":26},"end":{"line":14,"column":1}},"line":6},"1":{"name":"(anonymous_1)","decl":{"start":{"line":16,"column":22},"end":{"line":16,"column":23}},"loc":{"start":{"line":16,"column":52},"end":{"line":28,"column":1}},"line":16},"2":{"name":"(anonymous_2)","decl":{"start":{"line":30,"column":23},"end":{"line":30,"column":24}},"loc":{"start":{"line":30,"column":44},"end":{"line":32,"column":1}},"line":30}},"branchMap":{"0":{"loc":{"start":{"line":7,"column":2},"end":{"line":12,"column":3}},"type":"if","locations":[{"start":{"line":7,"column":2},"end":{"line":12,"column":3}},{"start":{},"end":{}}],"line":7},"1":{"loc":{"start":{"line":16,"column":37},"end":{"line":16,"column":47}},"type":"default-arg","locations":[{"start":{"line":16,"column":45},"end":{"line":16,"column":47}}],"line":16}},"s":{"0":1,"1":1,"2":1,"3":0,"4":0,"5":0,"6":1,"7":0,"8":0,"9":0,"10":0,"11":0,"12":1,"13":0},"f":{"0":0,"1":0,"2":0},"b":{"0":[0,0],"1":[0]},"_coverageSchema":"1a1c01bbd47fc00a2c39e90264f33305004495a9","hash":"8eb52c1c86f58c7430c9193112edbf339020ab10"}
,"D:\\Legal\\backend\\src\\utils\\logger.js": {"path":"D:\\Legal\\backend\\src\\utils\\logger.js","statementMap":{"0":{"start":{"line":1,"column":16},"end":{"line":1,"column":34}},"1":{"start":{"line":2,"column":13},"end":{"line":2,"column":28}},"2":{"start":{"line":4,"column":63},"end":{"line":4,"column":77}},"3":{"start":{"line":6,"column":15},"end":{"line":27,"column":2}},"4":{"start":{"line":30,"column":0},"end":{"line":32,"column":4}},"5":{"start":{"line":34,"column":0},"end":{"line":34,"column":24}}},"fnMap":{},"branchMap":{"0":{"loc":{"start":{"line":7,"column":9},"end":{"line":7,"column":40}},"type":"binary-expr","locations":[{"start":{"line":7,"column":9},"end":{"line":7,"column":30}},{"start":{"line":7,"column":34},"end":{"line":7,"column":40}}],"line":7}},"s":{"0":1,"1":1,"2":1,"3":1,"4":1,"5":1},"f":{},"b":{"0":[1,1]},"_coverageSchema":"1a1c01bbd47fc00a2c39e90264f33305004495a9","hash":"8988f163fe170fe92ad05d39e7cbc41aa9b1474c"}
,"D:\\Legal\\backend\\src\\utils\\notificationHelper.js": {"path":"D:\\Legal\\backend\\src\\utils\\notificationHelper.js","statementMap":{"0":{"start":{"line":1,"column":21},"end":{"line":1,"column":54}},"1":{"start":{"line":2,"column":13},"end":{"line":2,"column":38}},"2":{"start":{"line":3,"column":14},"end":{"line":3,"column":30}},"3":{"start":{"line":4,"column":15},"end":{"line":4,"column":34}},"4":{"start":{"line":9,"column":0},"end":{"line":62,"column":2}},"5":{"start":{"line":10,"column":2},"end":{"line":61,"column":3}},"6":{"start":{"line":12,"column":25},"end":{"line":19,"column":6}},"7":{"start":{"line":22,"column":22},"end":{"line":22,"column":99}},"8":{"start":{"line":25,"column":4},"end":{"line":28,"column":5}},"9":{"start":{"line":26,"column":6},"end":{"line":26,"column":88}},"10":{"start":{"line":27,"column":6},"end":{"line":27,"column":26}},"11":{"start":{"line":30,"column":22},"end":{"line":30,"column":69}},"12":{"start":{"line":33,"column":4},"end":{"line":56,"column":5}},"13":{"start":{"line":34,"column":6},"end":{"line":34,"column":69}},"14":{"start":{"line":35,"column":6},"end":{"line":55,"column":7}},"15":{"start":{"line":36,"column":8},"end":{"line":51,"column":11}},"16":{"start":{"line":52,"column":8},"end":{"line":52,"column":81}},"17":{"start":{"line":54,"column":8},"end":{"line":54,"column":86}},"18":{"start":{"line":58,"column":4},"end":{"line":58,"column":24}},"19":{"start":{"line":60,"column":4},"end":{"line":60,"column":73}}},"fnMap":{"0":{"name":"(anonymous_0)","decl":{"start":{"line":9,"column":29},"end":{"line":9,"column":30}},"loc":{"start":{"line":9,"column":99},"end":{"line":62,"column":1}},"line":9}},"branchMap":{"0":{"loc":{"start":{"line":17,"column":12},"end":{"line":17,"column":29}},"type":"binary-expr","locations":[{"start":{"line":17,"column":12},"end":{"line":17,"column":16}},{"start":{"line":17,"column":20},"end":{"line":17,"column":29}}],"line":17},"1":{"loc":{"start":{"line":25,"column":4},"end":{"line":28,"column":5}},"type":"if","locations":[{"start":{"line":25,"column":4},"end":{"line":28,"column":5}},{"start":{},"end":{}}],"line":25},"2":{"loc":{"start":{"line":30,"column":22},"end":{"line":30,"column":69}},"type":"binary-expr","locations":[{"start":{"line":30,"column":22},"end":{"line":30,"column":46}},{"start":{"line":30,"column":50},"end":{"line":30,"column":69}}],"line":30},"3":{"loc":{"start":{"line":33,"column":4},"end":{"line":56,"column":5}},"type":"if","locations":[{"start":{"line":33,"column":4},"end":{"line":56,"column":5}},{"start":{},"end":{}}],"line":33},"4":{"loc":{"start":{"line":33,"column":8},"end":{"line":33,"column":62}},"type":"binary-expr","locations":[{"start":{"line":33,"column":8},"end":{"line":33,"column":17}},{"start":{"line":33,"column":21},"end":{"line":33,"column":62}}],"line":33}},"s":{"0":1,"1":1,"2":1,"3":1,"4":1,"5":0,"6":0,"7":0,"8":0,"9":0,"10":0,"11":0,"12":0,"13":0,"14":0,"15":0,"16":0,"17":0,"18":0,"19":0},"f":{"0":0},"b":{"0":[0,0],"1":[0,0],"2":[0,0],"3":[0,0],"4":[0,0]},"_coverageSchema":"1a1c01bbd47fc00a2c39e90264f33305004495a9","hash":"f4c6b9a8850683be4d0819e575b7ab41fe587333"}
}
